{"/Users/nybruker/Documents/Skole/h25/webdev/T26-Project-2/frontend/src/features/auth/index.ts": {"path":"/Users/nybruker/Documents/Skole/h25/webdev/T26-Project-2/frontend/src/features/auth/index.ts","statementMap":{},"fnMap":{},"branchMap":{},"s":{},"f":{},"b":{},"meta":{"lastBranch":0,"lastFunction":0,"lastStatement":0,"seen":{}}}
,"/Users/nybruker/Documents/Skole/h25/webdev/T26-Project-2/frontend/src/features/auth/components/LoginScreen.tsx": {"path":"/Users/nybruker/Documents/Skole/h25/webdev/T26-Project-2/frontend/src/features/auth/components/LoginScreen.tsx","statementMap":{"0":{"start":{"line":16,"column":23},"end":{"line":16,"column":null}},"1":{"start":{"line":39,"column":24},"end":{"line":39,"column":null}},"2":{"start":{"line":63,"column":30},"end":{"line":63,"column":null}},"3":{"start":{"line":64,"column":32},"end":{"line":64,"column":null}},"4":{"start":{"line":65,"column":25},"end":{"line":65,"column":null}},"5":{"start":{"line":67,"column":66},"end":{"line":68,"column":null}},"6":{"start":{"line":69,"column":69},"end":{"line":70,"column":null}},"7":{"start":{"line":72,"column":18},"end":{"line":72,"column":null}},"8":{"start":{"line":73,"column":16},"end":{"line":73,"column":null}},"9":{"start":{"line":75,"column":2},"end":{"line":80,"column":null}},"10":{"start":{"line":76,"column":24},"end":{"line":76,"column":null}},"11":{"start":{"line":76,"column":30},"end":{"line":76,"column":null}},"12":{"start":{"line":77,"column":4},"end":{"line":77,"column":null}},"13":{"start":{"line":78,"column":4},"end":{"line":78,"column":null}},"14":{"start":{"line":79,"column":4},"end":{"line":79,"column":null}},"15":{"start":{"line":79,"column":17},"end":{"line":79,"column":null}},"16":{"start":{"line":87,"column":2},"end":{"line":87,"column":null}},"17":{"start":{"line":89,"column":2},"end":{"line":91,"column":null}},"18":{"start":{"line":90,"column":4},"end":{"line":90,"column":null}},"19":{"start":{"line":94,"column":4},"end":{"line":111,"column":null}},"20":{"start":{"line":95,"column":23},"end":{"line":95,"column":null}},"21":{"start":{"line":96,"column":21},"end":{"line":98,"column":null}},"22":{"start":{"line":101,"column":8},"end":{"line":101,"column":null}},"23":{"start":{"line":103,"column":6},"end":{"line":108,"column":null}},"24":{"start":{"line":104,"column":8},"end":{"line":104,"column":null}},"25":{"start":{"line":105,"column":8},"end":{"line":105,"column":null}},"26":{"start":{"line":106,"column":8},"end":{"line":106,"column":null}},"27":{"start":{"line":107,"column":8},"end":{"line":107,"column":null}},"28":{"start":{"line":110,"column":6},"end":{"line":110,"column":null}},"29":{"start":{"line":114,"column":2},"end":{"line":262,"column":null}},"30":{"start":{"line":145,"column":27},"end":{"line":145,"column":null}},"31":{"start":{"line":151,"column":27},"end":{"line":151,"column":null}},"32":{"start":{"line":157,"column":27},"end":{"line":157,"column":null}},"33":{"start":{"line":166,"column":16},"end":{"line":166,"column":null}},"34":{"start":{"line":174,"column":32},"end":{"line":174,"column":null}},"35":{"start":{"line":249,"column":22},"end":{"line":249,"column":null}}},"fnMap":{"0":{"name":"LoginScreen","decl":{"start":{"line":62,"column":16},"end":{"line":62,"column":28}},"loc":{"start":{"line":62,"column":49},"end":{"line":264,"column":null}},"line":62},"1":{"name":"(anonymous_1)","decl":{"start":{"line":75,"column":12},"end":{"line":75,"column":18}},"loc":{"start":{"line":75,"column":18},"end":{"line":80,"column":5}},"line":75},"2":{"name":"(anonymous_2)","decl":{"start":{"line":76,"column":24},"end":{"line":76,"column":30}},"loc":{"start":{"line":76,"column":30},"end":{"line":76,"column":null}},"line":76},"3":{"name":"(anonymous_3)","decl":{"start":{"line":79,"column":11},"end":{"line":79,"column":17}},"loc":{"start":{"line":79,"column":17},"end":{"line":79,"column":null}},"line":79},"4":{"name":"(anonymous_4)","decl":{"start":{"line":89,"column":12},"end":{"line":89,"column":18}},"loc":{"start":{"line":89,"column":18},"end":{"line":91,"column":5}},"line":89},"5":{"name":"submitAuth","decl":{"start":{"line":93,"column":17},"end":{"line":93,"column":28}},"loc":{"start":{"line":93,"column":46},"end":{"line":112,"column":null}},"line":93},"6":{"name":"(anonymous_6)","decl":{"start":{"line":145,"column":21},"end":{"line":145,"column":27}},"loc":{"start":{"line":145,"column":27},"end":{"line":145,"column":null}},"line":145},"7":{"name":"(anonymous_7)","decl":{"start":{"line":151,"column":21},"end":{"line":151,"column":27}},"loc":{"start":{"line":151,"column":27},"end":{"line":151,"column":null}},"line":151},"8":{"name":"(anonymous_8)","decl":{"start":{"line":157,"column":21},"end":{"line":157,"column":27}},"loc":{"start":{"line":157,"column":27},"end":{"line":157,"column":null}},"line":157},"9":{"name":"(anonymous_9)","decl":{"start":{"line":165,"column":23},"end":{"line":165,"column":29}},"loc":{"start":{"line":165,"column":29},"end":{"line":167,"column":null}},"line":165},"10":{"name":"(anonymous_10)","decl":{"start":{"line":174,"column":25},"end":{"line":174,"column":26}},"loc":{"start":{"line":174,"column":32},"end":{"line":174,"column":null}},"line":174},"11":{"name":"(anonymous_11)","decl":{"start":{"line":248,"column":29},"end":{"line":248,"column":null}},"loc":{"start":{"line":249,"column":22},"end":{"line":249,"column":null}},"line":249}},"branchMap":{"0":{"loc":{"start":{"line":72,"column":18},"end":{"line":72,"column":null}},"type":"binary-expr","locations":[{"start":{"line":72,"column":18},"end":{"line":72,"column":34}},{"start":{"line":72,"column":34},"end":{"line":72,"column":null}}],"line":72},"1":{"loc":{"start":{"line":73,"column":16},"end":{"line":73,"column":null}},"type":"binary-expr","locations":[{"start":{"line":73,"column":16},"end":{"line":73,"column":30}},{"start":{"line":73,"column":30},"end":{"line":73,"column":null}}],"line":73},"2":{"loc":{"start":{"line":95,"column":23},"end":{"line":95,"column":null}},"type":"cond-expr","locations":[{"start":{"line":95,"column":47},"end":{"line":95,"column":63}},{"start":{"line":95,"column":63},"end":{"line":95,"column":null}}],"line":95},"3":{"loc":{"start":{"line":101,"column":22},"end":{"line":101,"column":64}},"type":"cond-expr","locations":[{"start":{"line":101,"column":46},"end":{"line":101,"column":56}},{"start":{"line":101,"column":56},"end":{"line":101,"column":64}}],"line":101},"4":{"loc":{"start":{"line":103,"column":6},"end":{"line":108,"column":null}},"type":"if","locations":[{"start":{"line":103,"column":6},"end":{"line":108,"column":null}},{"start":{},"end":{}}],"line":103},"5":{"loc":{"start":{"line":103,"column":10},"end":{"line":103,"column":45}},"type":"binary-expr","locations":[{"start":{"line":103,"column":10},"end":{"line":103,"column":29}},{"start":{"line":103,"column":29},"end":{"line":103,"column":45}}],"line":103},"6":{"loc":{"start":{"line":131,"column":74},"end":{"line":131,"column":130}},"type":"cond-expr","locations":[{"start":{"line":131,"column":85},"end":{"line":131,"column":109}},{"start":{"line":131,"column":109},"end":{"line":131,"column":130}}],"line":131},"7":{"loc":{"start":{"line":134,"column":46},"end":{"line":134,"column":92}},"type":"cond-expr","locations":[{"start":{"line":134,"column":57},"end":{"line":134,"column":70}},{"start":{"line":134,"column":70},"end":{"line":134,"column":92}}],"line":134},"8":{"loc":{"start":{"line":141,"column":72},"end":{"line":141,"column":101}},"type":"cond-expr","locations":[{"start":{"line":141,"column":83},"end":{"line":141,"column":93}},{"start":{"line":141,"column":93},"end":{"line":141,"column":101}}],"line":141},"9":{"loc":{"start":{"line":144,"column":31},"end":{"line":144,"column":86}},"type":"cond-expr","locations":[{"start":{"line":144,"column":42},"end":{"line":144,"column":59}},{"start":{"line":144,"column":59},"end":{"line":144,"column":86}}],"line":144},"10":{"loc":{"start":{"line":150,"column":31},"end":{"line":150,"column":86}},"type":"cond-expr","locations":[{"start":{"line":150,"column":42},"end":{"line":150,"column":59}},{"start":{"line":150,"column":59},"end":{"line":150,"column":86}}],"line":150},"11":{"loc":{"start":{"line":156,"column":31},"end":{"line":156,"column":86}},"type":"cond-expr","locations":[{"start":{"line":156,"column":42},"end":{"line":156,"column":59}},{"start":{"line":156,"column":59},"end":{"line":156,"column":86}}],"line":156},"12":{"loc":{"start":{"line":162,"column":11},"end":{"line":258,"column":null}},"type":"binary-expr","locations":[{"start":{"line":162,"column":11},"end":{"line":162,"column":null}},{"start":{"line":163,"column":12},"end":{"line":258,"column":null}}],"line":162},"13":{"loc":{"start":{"line":177,"column":19},"end":{"line":177,"column":null}},"type":"cond-expr","locations":[{"start":{"line":177,"column":43},"end":{"line":177,"column":54}},{"start":{"line":177,"column":54},"end":{"line":177,"column":null}}],"line":177},"14":{"loc":{"start":{"line":201,"column":21},"end":{"line":204,"column":null}},"type":"binary-expr","locations":[{"start":{"line":201,"column":21},"end":{"line":201,"column":null}},{"start":{"line":202,"column":22},"end":{"line":204,"column":null}}],"line":201},"15":{"loc":{"start":{"line":220,"column":21},"end":{"line":223,"column":null}},"type":"binary-expr","locations":[{"start":{"line":220,"column":21},"end":{"line":220,"column":null}},{"start":{"line":221,"column":22},"end":{"line":223,"column":null}}],"line":220},"16":{"loc":{"start":{"line":227,"column":19},"end":{"line":228,"column":null}},"type":"binary-expr","locations":[{"start":{"line":227,"column":19},"end":{"line":227,"column":null}},{"start":{"line":228,"column":20},"end":{"line":228,"column":null}}],"line":227},"17":{"loc":{"start":{"line":236,"column":21},"end":{"line":242,"column":null}},"type":"cond-expr","locations":[{"start":{"line":237,"column":24},"end":{"line":239,"column":null}},{"start":{"line":240,"column":24},"end":{"line":242,"column":null}}],"line":236},"18":{"loc":{"start":{"line":237,"column":24},"end":{"line":239,"column":null}},"type":"cond-expr","locations":[{"start":{"line":238,"column":26},"end":{"line":238,"column":null}},{"start":{"line":239,"column":26},"end":{"line":239,"column":null}}],"line":237},"19":{"loc":{"start":{"line":240,"column":24},"end":{"line":242,"column":null}},"type":"cond-expr","locations":[{"start":{"line":241,"column":26},"end":{"line":241,"column":null}},{"start":{"line":242,"column":26},"end":{"line":242,"column":null}}],"line":240},"20":{"loc":{"start":{"line":249,"column":35},"end":{"line":249,"column":77}},"type":"cond-expr","locations":[{"start":{"line":249,"column":59},"end":{"line":249,"column":70}},{"start":{"line":249,"column":70},"end":{"line":249,"column":77}}],"line":249},"21":{"loc":{"start":{"line":252,"column":21},"end":{"line":254,"column":null}},"type":"cond-expr","locations":[{"start":{"line":253,"column":24},"end":{"line":253,"column":null}},{"start":{"line":254,"column":24},"end":{"line":254,"column":null}}],"line":252}},"s":{"0":2,"1":2,"2":0,"3":0,"4":0,"5":0,"6":0,"7":0,"8":0,"9":0,"10":0,"11":0,"12":0,"13":0,"14":0,"15":0,"16":0,"17":0,"18":0,"19":0,"20":0,"21":0,"22":0,"23":0,"24":0,"25":0,"26":0,"27":0,"28":0,"29":0,"30":0,"31":0,"32":0,"33":0,"34":0,"35":0},"f":{"0":0,"1":0,"2":0,"3":0,"4":0,"5":0,"6":0,"7":0,"8":0,"9":0,"10":0,"11":0},"b":{"0":[0,0],"1":[0,0],"2":[0,0],"3":[0,0],"4":[0,0],"5":[0,0],"6":[0,0],"7":[0,0],"8":[0,0],"9":[0,0],"10":[0,0],"11":[0,0],"12":[0,0],"13":[0,0],"14":[0,0],"15":[0,0],"16":[0,0],"17":[0,0],"18":[0,0],"19":[0,0],"20":[0,0],"21":[0,0]},"meta":{"lastBranch":22,"lastFunction":12,"lastStatement":36,"seen":{"s:16:23:16:Infinity":0,"s:39:24:39:Infinity":1,"f:62:16:62:28":0,"s:63:30:63:Infinity":2,"s:64:32:64:Infinity":3,"s:65:25:65:Infinity":4,"s:67:66:68:Infinity":5,"s:69:69:70:Infinity":6,"s:72:18:72:Infinity":7,"b:72:18:72:34:72:34:72:Infinity":0,"s:73:16:73:Infinity":8,"b:73:16:73:30:73:30:73:Infinity":1,"s:75:2:80:Infinity":9,"f:75:12:75:18":1,"s:76:24:76:Infinity":10,"f:76:24:76:30":2,"s:76:30:76:Infinity":11,"s:77:4:77:Infinity":12,"s:78:4:78:Infinity":13,"s:79:4:79:Infinity":14,"f:79:11:79:17":3,"s:79:17:79:Infinity":15,"s:87:2:87:Infinity":16,"s:89:2:91:Infinity":17,"f:89:12:89:18":4,"s:90:4:90:Infinity":18,"f:93:17:93:28":5,"s:94:4:111:Infinity":19,"s:95:23:95:Infinity":20,"b:95:47:95:63:95:63:95:Infinity":2,"s:96:21:98:Infinity":21,"s:101:8:101:Infinity":22,"b:101:46:101:56:101:56:101:64":3,"b:103:6:108:Infinity:undefined:undefined:undefined:undefined":4,"s:103:6:108:Infinity":23,"b:103:10:103:29:103:29:103:45":5,"s:104:8:104:Infinity":24,"s:105:8:105:Infinity":25,"s:106:8:106:Infinity":26,"s:107:8:107:Infinity":27,"s:110:6:110:Infinity":28,"s:114:2:262:Infinity":29,"b:131:85:131:109:131:109:131:130":6,"b:134:57:134:70:134:70:134:92":7,"b:141:83:141:93:141:93:141:101":8,"b:144:42:144:59:144:59:144:86":9,"f:145:21:145:27":6,"s:145:27:145:Infinity":30,"b:150:42:150:59:150:59:150:86":10,"f:151:21:151:27":7,"s:151:27:151:Infinity":31,"b:156:42:156:59:156:59:156:86":11,"f:157:21:157:27":8,"s:157:27:157:Infinity":32,"b:162:11:162:Infinity:163:12:258:Infinity":12,"f:165:23:165:29":9,"s:166:16:166:Infinity":33,"f:174:25:174:26":10,"s:174:32:174:Infinity":34,"b:177:43:177:54:177:54:177:Infinity":13,"b:201:21:201:Infinity:202:22:204:Infinity":14,"b:220:21:220:Infinity:221:22:223:Infinity":15,"b:227:19:227:Infinity:228:20:228:Infinity":16,"b:237:24:239:Infinity:240:24:242:Infinity":17,"b:238:26:238:Infinity:239:26:239:Infinity":18,"b:241:26:241:Infinity:242:26:242:Infinity":19,"f:248:29:248:Infinity":11,"s:249:22:249:Infinity":35,"b:249:59:249:70:249:70:249:77":20,"b:253:24:253:Infinity:254:24:254:Infinity":21}}}
,"/Users/nybruker/Documents/Skole/h25/webdev/T26-Project-2/frontend/src/features/auth/contexts/AuthContext.tsx": {"path":"/Users/nybruker/Documents/Skole/h25/webdev/T26-Project-2/frontend/src/features/auth/contexts/AuthContext.tsx","statementMap":{"0":{"start":{"line":6,"column":22},"end":{"line":6,"column":null}},"1":{"start":{"line":7,"column":24},"end":{"line":7,"column":null}},"2":{"start":{"line":9,"column":2},"end":{"line":22,"column":null}},"3":{"start":{"line":10,"column":23},"end":{"line":10,"column":null}},"4":{"start":{"line":11,"column":22},"end":{"line":11,"column":null}},"5":{"start":{"line":12,"column":4},"end":{"line":21,"column":null}},"6":{"start":{"line":13,"column":6},"end":{"line":20,"column":null}},"7":{"start":{"line":14,"column":8},"end":{"line":14,"column":null}},"8":{"start":{"line":15,"column":8},"end":{"line":15,"column":null}},"9":{"start":{"line":17,"column":8},"end":{"line":17,"column":null}},"10":{"start":{"line":18,"column":8},"end":{"line":18,"column":null}},"11":{"start":{"line":19,"column":8},"end":{"line":19,"column":null}},"12":{"start":{"line":24,"column":16},"end":{"line":31,"column":null}},"13":{"start":{"line":25,"column":4},"end":{"line":25,"column":null}},"14":{"start":{"line":26,"column":4},"end":{"line":26,"column":null}},"15":{"start":{"line":27,"column":4},"end":{"line":27,"column":null}},"16":{"start":{"line":28,"column":4},"end":{"line":28,"column":null}},"17":{"start":{"line":30,"column":4},"end":{"line":30,"column":null}},"18":{"start":{"line":33,"column":17},"end":{"line":43,"column":null}},"19":{"start":{"line":35,"column":4},"end":{"line":35,"column":null}},"20":{"start":{"line":36,"column":4},"end":{"line":36,"column":null}},"21":{"start":{"line":38,"column":4},"end":{"line":38,"column":null}},"22":{"start":{"line":39,"column":4},"end":{"line":39,"column":null}},"23":{"start":{"line":41,"column":4},"end":{"line":41,"column":null}},"24":{"start":{"line":42,"column":4},"end":{"line":42,"column":null}},"25":{"start":{"line":45,"column":21},"end":{"line":48,"column":null}},"26":{"start":{"line":46,"column":4},"end":{"line":46,"column":null}},"27":{"start":{"line":47,"column":4},"end":{"line":47,"column":null}},"28":{"start":{"line":50,"column":2},"end":{"line":55,"column":null}}},"fnMap":{"0":{"name":"AuthProvider","decl":{"start":{"line":5,"column":16},"end":{"line":5,"column":29}},"loc":{"start":{"line":5,"column":64},"end":{"line":57,"column":null}},"line":5},"1":{"name":"(anonymous_1)","decl":{"start":{"line":9,"column":12},"end":{"line":9,"column":18}},"loc":{"start":{"line":9,"column":18},"end":{"line":22,"column":5}},"line":9},"2":{"name":"(anonymous_2)","decl":{"start":{"line":24,"column":16},"end":{"line":24,"column":23}},"loc":{"start":{"line":24,"column":59},"end":{"line":31,"column":null}},"line":24},"3":{"name":"(anonymous_3)","decl":{"start":{"line":33,"column":17},"end":{"line":33,"column":29}},"loc":{"start":{"line":33,"column":29},"end":{"line":43,"column":null}},"line":33},"4":{"name":"(anonymous_4)","decl":{"start":{"line":45,"column":21},"end":{"line":45,"column":22}},"loc":{"start":{"line":45,"column":40},"end":{"line":48,"column":null}},"line":45}},"branchMap":{"0":{"loc":{"start":{"line":12,"column":4},"end":{"line":21,"column":null}},"type":"if","locations":[{"start":{"line":12,"column":4},"end":{"line":21,"column":null}},{"start":{},"end":{}}],"line":12},"1":{"loc":{"start":{"line":12,"column":8},"end":{"line":12,"column":33}},"type":"binary-expr","locations":[{"start":{"line":12,"column":8},"end":{"line":12,"column":22}},{"start":{"line":12,"column":22},"end":{"line":12,"column":33}}],"line":12}},"s":{"0":0,"1":0,"2":0,"3":0,"4":0,"5":0,"6":0,"7":0,"8":0,"9":0,"10":0,"11":0,"12":0,"13":0,"14":0,"15":0,"16":0,"17":0,"18":0,"19":0,"20":0,"21":0,"22":0,"23":0,"24":0,"25":0,"26":0,"27":0,"28":0},"f":{"0":0,"1":0,"2":0,"3":0,"4":0},"b":{"0":[0,0],"1":[0,0]},"meta":{"lastBranch":2,"lastFunction":5,"lastStatement":29,"seen":{"f:5:16:5:29":0,"s:6:22:6:Infinity":0,"s:7:24:7:Infinity":1,"s:9:2:22:Infinity":2,"f:9:12:9:18":1,"s:10:23:10:Infinity":3,"s:11:22:11:Infinity":4,"b:12:4:21:Infinity:undefined:undefined:undefined:undefined":0,"s:12:4:21:Infinity":5,"b:12:8:12:22:12:22:12:33":1,"s:13:6:20:Infinity":6,"s:14:8:14:Infinity":7,"s:15:8:15:Infinity":8,"s:17:8:17:Infinity":9,"s:18:8:18:Infinity":10,"s:19:8:19:Infinity":11,"s:24:16:31:Infinity":12,"f:24:16:24:23":2,"s:25:4:25:Infinity":13,"s:26:4:26:Infinity":14,"s:27:4:27:Infinity":15,"s:28:4:28:Infinity":16,"s:30:4:30:Infinity":17,"s:33:17:43:Infinity":18,"f:33:17:33:29":3,"s:35:4:35:Infinity":19,"s:36:4:36:Infinity":20,"s:38:4:38:Infinity":21,"s:39:4:39:Infinity":22,"s:41:4:41:Infinity":23,"s:42:4:42:Infinity":24,"s:45:21:48:Infinity":25,"f:45:21:45:22":4,"s:46:4:46:Infinity":26,"s:47:4:47:Infinity":27,"s:50:2:55:Infinity":28}}}
,"/Users/nybruker/Documents/Skole/h25/webdev/T26-Project-2/frontend/src/features/auth/contexts/AuthContextDefinition.tsx": {"path":"/Users/nybruker/Documents/Skole/h25/webdev/T26-Project-2/frontend/src/features/auth/contexts/AuthContextDefinition.tsx","statementMap":{"0":{"start":{"line":28,"column":13},"end":{"line":30,"column":null}}},"fnMap":{},"branchMap":{},"s":{"0":2},"f":{},"b":{},"meta":{"lastBranch":0,"lastFunction":0,"lastStatement":1,"seen":{"s:28:13:30:Infinity":0}}}
,"/Users/nybruker/Documents/Skole/h25/webdev/T26-Project-2/frontend/src/features/auth/hooks/useAuth.ts": {"path":"/Users/nybruker/Documents/Skole/h25/webdev/T26-Project-2/frontend/src/features/auth/hooks/useAuth.ts","statementMap":{"0":{"start":{"line":4,"column":23},"end":{"line":10,"column":null}},"1":{"start":{"line":5,"column":8},"end":{"line":5,"column":null}},"2":{"start":{"line":6,"column":2},"end":{"line":8,"column":null}},"3":{"start":{"line":7,"column":4},"end":{"line":7,"column":null}},"4":{"start":{"line":9,"column":2},"end":{"line":9,"column":null}}},"fnMap":{"0":{"name":"(anonymous_0)","decl":{"start":{"line":4,"column":23},"end":{"line":4,"column":29}},"loc":{"start":{"line":4,"column":29},"end":{"line":10,"column":null}},"line":4}},"branchMap":{"0":{"loc":{"start":{"line":6,"column":2},"end":{"line":8,"column":null}},"type":"if","locations":[{"start":{"line":6,"column":2},"end":{"line":8,"column":null}},{"start":{},"end":{}}],"line":6}},"s":{"0":2,"1":5,"2":5,"3":2,"4":3},"f":{"0":5},"b":{"0":[2,3]},"meta":{"lastBranch":1,"lastFunction":1,"lastStatement":5,"seen":{"s:4:23:10:Infinity":0,"f:4:23:4:29":0,"s:5:8:5:Infinity":1,"b:6:2:8:Infinity:undefined:undefined:undefined:undefined":0,"s:6:2:8:Infinity":2,"s:7:4:7:Infinity":3,"s:9:2:9:Infinity":4}}}
,"/Users/nybruker/Documents/Skole/h25/webdev/T26-Project-2/frontend/src/features/clicker/hooks/useGameMutations.ts": {"path":"/Users/nybruker/Documents/Skole/h25/webdev/T26-Project-2/frontend/src/features/clicker/hooks/useGameMutations.ts","statementMap":{"0":{"start":{"line":4,"column":26},"end":{"line":4,"column":null}},"1":{"start":{"line":23,"column":21},"end":{"line":23,"column":null}},"2":{"start":{"line":43,"column":77},"end":{"line":44,"column":null}},"3":{"start":{"line":46,"column":72},"end":{"line":47,"column":null}},"4":{"start":{"line":49,"column":26},"end":{"line":67,"column":null}},"5":{"start":{"line":53,"column":4},"end":{"line":66,"column":null}},"6":{"start":{"line":54,"column":21},"end":{"line":56,"column":null}},"7":{"start":{"line":58,"column":6},"end":{"line":60,"column":null}},"8":{"start":{"line":59,"column":8},"end":{"line":59,"column":null}},"9":{"start":{"line":62,"column":6},"end":{"line":62,"column":null}},"10":{"start":{"line":64,"column":6},"end":{"line":64,"column":null}},"11":{"start":{"line":65,"column":6},"end":{"line":65,"column":null}},"12":{"start":{"line":69,"column":22},"end":{"line":87,"column":null}},"13":{"start":{"line":73,"column":4},"end":{"line":86,"column":null}},"14":{"start":{"line":74,"column":21},"end":{"line":76,"column":null}},"15":{"start":{"line":78,"column":6},"end":{"line":80,"column":null}},"16":{"start":{"line":79,"column":8},"end":{"line":79,"column":null}},"17":{"start":{"line":82,"column":6},"end":{"line":82,"column":null}},"18":{"start":{"line":84,"column":6},"end":{"line":84,"column":null}},"19":{"start":{"line":85,"column":6},"end":{"line":85,"column":null}},"20":{"start":{"line":89,"column":2},"end":{"line":94,"column":null}}},"fnMap":{"0":{"name":"useGameMutations","decl":{"start":{"line":42,"column":16},"end":{"line":42,"column":35}},"loc":{"start":{"line":42,"column":35},"end":{"line":95,"column":null}},"line":42},"1":{"name":"(anonymous_1)","decl":{"start":{"line":49,"column":26},"end":{"line":49,"column":null}},"loc":{"start":{"line":52,"column":7},"end":{"line":67,"column":null}},"line":52},"2":{"name":"(anonymous_2)","decl":{"start":{"line":69,"column":22},"end":{"line":69,"column":null}},"loc":{"start":{"line":72,"column":7},"end":{"line":87,"column":null}},"line":72}},"branchMap":{"0":{"loc":{"start":{"line":58,"column":6},"end":{"line":60,"column":null}},"type":"if","locations":[{"start":{"line":58,"column":6},"end":{"line":60,"column":null}},{"start":{},"end":{}}],"line":58},"1":{"loc":{"start":{"line":58,"column":10},"end":{"line":58,"column":55}},"type":"binary-expr","locations":[{"start":{"line":58,"column":10},"end":{"line":58,"column":42}},{"start":{"line":58,"column":42},"end":{"line":58,"column":55}}],"line":58},"2":{"loc":{"start":{"line":78,"column":6},"end":{"line":80,"column":null}},"type":"if","locations":[{"start":{"line":78,"column":6},"end":{"line":80,"column":null}},{"start":{},"end":{}}],"line":78},"3":{"loc":{"start":{"line":78,"column":10},"end":{"line":78,"column":51}},"type":"binary-expr","locations":[{"start":{"line":78,"column":10},"end":{"line":78,"column":38}},{"start":{"line":78,"column":38},"end":{"line":78,"column":51}}],"line":78},"4":{"loc":{"start":{"line":92,"column":13},"end":{"line":92,"column":null}},"type":"binary-expr","locations":[{"start":{"line":92,"column":13},"end":{"line":92,"column":30}},{"start":{"line":92,"column":30},"end":{"line":92,"column":null}}],"line":92},"5":{"loc":{"start":{"line":93,"column":11},"end":{"line":93,"column":null}},"type":"binary-expr","locations":[{"start":{"line":93,"column":11},"end":{"line":93,"column":25}},{"start":{"line":93,"column":25},"end":{"line":93,"column":null}}],"line":93}},"s":{"0":1,"1":1,"2":11,"3":11,"4":11,"5":6,"6":6,"7":4,"8":1,"9":4,"10":2,"11":2,"12":11,"13":4,"14":4,"15":3,"16":1,"17":3,"18":1,"19":1,"20":11},"f":{"0":11,"1":6,"2":4},"b":{"0":[1,3],"1":[4,3],"2":[1,2],"3":[3,3],"4":[11,11],"5":[11,11]},"meta":{"lastBranch":6,"lastFunction":3,"lastStatement":21,"seen":{"s:4:26:4:Infinity":0,"s:23:21:23:Infinity":1,"f:42:16:42:35":0,"s:43:77:44:Infinity":2,"s:46:72:47:Infinity":3,"s:49:26:67:Infinity":4,"f:49:26:49:Infinity":1,"s:53:4:66:Infinity":5,"s:54:21:56:Infinity":6,"b:58:6:60:Infinity:undefined:undefined:undefined:undefined":0,"s:58:6:60:Infinity":7,"b:58:10:58:42:58:42:58:55":1,"s:59:8:59:Infinity":8,"s:62:6:62:Infinity":9,"s:64:6:64:Infinity":10,"s:65:6:65:Infinity":11,"s:69:22:87:Infinity":12,"f:69:22:69:Infinity":2,"s:73:4:86:Infinity":13,"s:74:21:76:Infinity":14,"b:78:6:80:Infinity:undefined:undefined:undefined:undefined":2,"s:78:6:80:Infinity":15,"b:78:10:78:38:78:38:78:51":3,"s:79:8:79:Infinity":16,"s:82:6:82:Infinity":17,"s:84:6:84:Infinity":18,"s:85:6:85:Infinity":19,"s:89:2:94:Infinity":20,"b:92:13:92:30:92:30:92:Infinity":4,"b:93:11:93:25:93:25:93:Infinity":5}}}
,"/Users/nybruker/Documents/Skole/h25/webdev/T26-Project-2/frontend/src/features/pokedex/hooks/usePokedexQuery.ts": {"path":"/Users/nybruker/Documents/Skole/h25/webdev/T26-Project-2/frontend/src/features/pokedex/hooks/usePokedexQuery.ts","statementMap":{"0":{"start":{"line":3,"column":22},"end":{"line":3,"column":null}},"1":{"start":{"line":89,"column":38},"end":{"line":95,"column":null}},"2":{"start":{"line":97,"column":2},"end":{"line":97,"column":null}}},"fnMap":{"0":{"name":"usePokedexQuery","decl":{"start":{"line":88,"column":16},"end":{"line":88,"column":32}},"loc":{"start":{"line":88,"column":61},"end":{"line":98,"column":null}},"line":88}},"branchMap":{},"s":{"0":1,"1":10,"2":10},"f":{"0":10},"b":{},"meta":{"lastBranch":0,"lastFunction":1,"lastStatement":3,"seen":{"s:3:22:3:Infinity":0,"f:88:16:88:32":0,"s:89:38:95:Infinity":1,"s:97:2:97:Infinity":2}}}
,"/Users/nybruker/Documents/Skole/h25/webdev/T26-Project-2/frontend/src/features/pokedex/hooks/usePokemonById.ts": {"path":"/Users/nybruker/Documents/Skole/h25/webdev/T26-Project-2/frontend/src/features/pokedex/hooks/usePokemonById.ts","statementMap":{"0":{"start":{"line":3,"column":28},"end":{"line":3,"column":null}},"1":{"start":{"line":48,"column":2},"end":{"line":51,"column":null}}},"fnMap":{"0":{"name":"usePokemonById","decl":{"start":{"line":47,"column":16},"end":{"line":47,"column":31}},"loc":{"start":{"line":47,"column":50},"end":{"line":52,"column":null}},"line":47}},"branchMap":{},"s":{"0":1,"1":8},"f":{"0":8},"b":{},"meta":{"lastBranch":0,"lastFunction":1,"lastStatement":2,"seen":{"s:3:28:3:Infinity":0,"f:47:16:47:31":0,"s:48:2:51:Infinity":1}}}
,"/Users/nybruker/Documents/Skole/h25/webdev/T26-Project-2/frontend/src/features/pokedex/hooks/usePurchasePokemon.ts": {"path":"/Users/nybruker/Documents/Skole/h25/webdev/T26-Project-2/frontend/src/features/pokedex/hooks/usePurchasePokemon.ts","statementMap":{"0":{"start":{"line":4,"column":34},"end":{"line":4,"column":null}},"1":{"start":{"line":33,"column":2},"end":{"line":59,"column":null}},"2":{"start":{"line":39,"column":42},"end":{"line":57,"column":null}}},"fnMap":{"0":{"name":"usePurchasePokemon","decl":{"start":{"line":32,"column":16},"end":{"line":32,"column":37}},"loc":{"start":{"line":32,"column":37},"end":{"line":60,"column":null}},"line":32},"1":{"name":"(anonymous_1)","decl":{"start":{"line":39,"column":26},"end":{"line":39,"column":27}},"loc":{"start":{"line":39,"column":42},"end":{"line":57,"column":null}},"line":39}},"branchMap":{},"s":{"0":1,"1":9,"2":4},"f":{"0":9,"1":4},"b":{},"meta":{"lastBranch":0,"lastFunction":2,"lastStatement":3,"seen":{"s:4:34:4:Infinity":0,"f:32:16:32:37":0,"s:33:2:59:Infinity":1,"f:39:26:39:27":1,"s:39:42:57:Infinity":2}}}
,"/Users/nybruker/Documents/Skole/h25/webdev/T26-Project-2/frontend/src/features/pokedex/utils/typeColors.ts": {"path":"/Users/nybruker/Documents/Skole/h25/webdev/T26-Project-2/frontend/src/features/pokedex/utils/typeColors.ts","statementMap":{"0":{"start":{"line":3,"column":43},"end":{"line":35,"column":null}},"1":{"start":{"line":37,"column":14},"end":{"line":37,"column":null}},"2":{"start":{"line":40,"column":12},"end":{"line":40,"column":null}},"3":{"start":{"line":41,"column":12},"end":{"line":41,"column":null}},"4":{"start":{"line":42,"column":12},"end":{"line":42,"column":null}},"5":{"start":{"line":45,"column":19},"end":{"line":48,"column":null}},"6":{"start":{"line":46,"column":16},"end":{"line":46,"column":null}},"7":{"start":{"line":47,"column":4},"end":{"line":47,"column":null}},"8":{"start":{"line":51,"column":4},"end":{"line":51,"column":null}},"9":{"start":{"line":54,"column":2},"end":{"line":54,"column":null}},"10":{"start":{"line":58,"column":2},"end":{"line":76,"column":null}},"11":{"start":{"line":59,"column":4},"end":{"line":66,"column":null}},"12":{"start":{"line":68,"column":4},"end":{"line":75,"column":null}},"13":{"start":{"line":80,"column":2},"end":{"line":92,"column":null}},"14":{"start":{"line":99,"column":6},"end":{"line":208,"column":null}},"15":{"start":{"line":213,"column":6},"end":{"line":322,"column":null}},"16":{"start":{"line":324,"column":19},"end":{"line":324,"column":null}},"17":{"start":{"line":325,"column":2},"end":{"line":325,"column":null}}},"fnMap":{"0":{"name":"getContrastColor","decl":{"start":{"line":1,"column":16},"end":{"line":1,"column":33}},"loc":{"start":{"line":1,"column":58},"end":{"line":55,"column":null}},"line":1},"1":{"name":"(anonymous_1)","decl":{"start":{"line":45,"column":19},"end":{"line":45,"column":20}},"loc":{"start":{"line":45,"column":34},"end":{"line":48,"column":null}},"line":45},"2":{"name":"getStatBarColors","decl":{"start":{"line":57,"column":16},"end":{"line":57,"column":33}},"loc":{"start":{"line":57,"column":54},"end":{"line":77,"column":null}},"line":57},"3":{"name":"getUnknownPokemonColors","decl":{"start":{"line":79,"column":16},"end":{"line":79,"column":40}},"loc":{"start":{"line":79,"column":61},"end":{"line":93,"column":null}},"line":79},"4":{"name":"getTypeColors","decl":{"start":{"line":95,"column":16},"end":{"line":95,"column":30}},"loc":{"start":{"line":95,"column":73},"end":{"line":326,"column":null}},"line":95}},"branchMap":{"0":{"loc":{"start":{"line":37,"column":14},"end":{"line":37,"column":null}},"type":"binary-expr","locations":[{"start":{"line":37,"column":14},"end":{"line":37,"column":35}},{"start":{"line":37,"column":35},"end":{"line":37,"column":null}}],"line":37},"1":{"loc":{"start":{"line":47,"column":11},"end":{"line":47,"column":null}},"type":"cond-expr","locations":[{"start":{"line":47,"column":28},"end":{"line":47,"column":42}},{"start":{"line":47,"column":42},"end":{"line":47,"column":null}}],"line":47},"2":{"loc":{"start":{"line":54,"column":9},"end":{"line":54,"column":null}},"type":"cond-expr","locations":[{"start":{"line":54,"column":27},"end":{"line":54,"column":42}},{"start":{"line":54,"column":42},"end":{"line":54,"column":null}}],"line":54},"3":{"loc":{"start":{"line":58,"column":2},"end":{"line":76,"column":null}},"type":"if","locations":[{"start":{"line":58,"column":2},"end":{"line":76,"column":null}},{"start":{"line":67,"column":9},"end":{"line":76,"column":null}}],"line":58},"4":{"loc":{"start":{"line":80,"column":9},"end":{"line":92,"column":null}},"type":"cond-expr","locations":[{"start":{"line":81,"column":6},"end":{"line":86,"column":null}},{"start":{"line":87,"column":6},"end":{"line":92,"column":null}}],"line":80},"5":{"loc":{"start":{"line":95,"column":44},"end":{"line":95,"column":73}},"type":"default-arg","locations":[{"start":{"line":95,"column":66},"end":{"line":95,"column":73}}],"line":95},"6":{"loc":{"start":{"line":324,"column":19},"end":{"line":324,"column":null}},"type":"cond-expr","locations":[{"start":{"line":324,"column":32},"end":{"line":324,"column":49}},{"start":{"line":324,"column":49},"end":{"line":324,"column":null}}],"line":324},"7":{"loc":{"start":{"line":325,"column":9},"end":{"line":325,"column":null}},"type":"binary-expr","locations":[{"start":{"line":325,"column":9},"end":{"line":325,"column":27}},{"start":{"line":325,"column":27},"end":{"line":325,"column":null}}],"line":325}},"s":{"0":8,"1":8,"2":8,"3":8,"4":8,"5":8,"6":24,"7":24,"8":8,"9":8,"10":2,"11":1,"12":1,"13":2,"14":84,"15":84,"16":84,"17":84},"f":{"0":8,"1":24,"2":2,"3":2,"4":84},"b":{"0":[8,2],"1":[6,18],"2":[2,6],"3":[1,1],"4":[1,1],"5":[84],"6":[41,43],"7":[84,4]},"meta":{"lastBranch":8,"lastFunction":5,"lastStatement":18,"seen":{"f:1:16:1:33":0,"s:3:43:35:Infinity":0,"s:37:14:37:Infinity":1,"b:37:14:37:35:37:35:37:Infinity":0,"s:40:12:40:Infinity":2,"s:41:12:41:Infinity":3,"s:42:12:42:Infinity":4,"s:45:19:48:Infinity":5,"f:45:19:45:20":1,"s:46:16:46:Infinity":6,"s:47:4:47:Infinity":7,"b:47:28:47:42:47:42:47:Infinity":1,"s:51:4:51:Infinity":8,"s:54:2:54:Infinity":9,"b:54:27:54:42:54:42:54:Infinity":2,"f:57:16:57:33":2,"b:58:2:76:Infinity:67:9:76:Infinity":3,"s:58:2:76:Infinity":10,"s:59:4:66:Infinity":11,"s:68:4:75:Infinity":12,"f:79:16:79:40":3,"s:80:2:92:Infinity":13,"b:81:6:86:Infinity:87:6:92:Infinity":4,"f:95:16:95:30":4,"b:95:66:95:73":5,"s:99:6:208:Infinity":14,"s:213:6:322:Infinity":15,"s:324:19:324:Infinity":16,"b:324:32:324:49:324:49:324:Infinity":6,"s:325:2:325:Infinity":17,"b:325:9:325:27:325:27:325:Infinity":7}}}
,"/Users/nybruker/Documents/Skole/h25/webdev/T26-Project-2/frontend/src/lib/apolloClient.ts": {"path":"/Users/nybruker/Documents/Skole/h25/webdev/T26-Project-2/frontend/src/lib/apolloClient.ts","statementMap":{"0":{"start":{"line":4,"column":17},"end":{"line":6,"column":null}},"1":{"start":{"line":8,"column":6},"end":{"line":16,"column":null}},"2":{"start":{"line":9,"column":16},"end":{"line":9,"column":null}},"3":{"start":{"line":10,"column":2},"end":{"line":15,"column":null}},"4":{"start":{"line":18,"column":28},"end":{"line":26,"column":null}}},"fnMap":{"0":{"name":"(anonymous_0)","decl":{"start":{"line":8,"column":28},"end":{"line":8,"column":29}},"loc":{"start":{"line":8,"column":46},"end":{"line":16,"column":1}},"line":8}},"branchMap":{"0":{"loc":{"start":{"line":5,"column":7},"end":{"line":5,"column":null}},"type":"binary-expr","locations":[{"start":{"line":5,"column":7},"end":{"line":5,"column":43}},{"start":{"line":5,"column":43},"end":{"line":5,"column":null}}],"line":5},"1":{"loc":{"start":{"line":13,"column":21},"end":{"line":13,"column":null}},"type":"cond-expr","locations":[{"start":{"line":13,"column":29},"end":{"line":13,"column":49}},{"start":{"line":13,"column":49},"end":{"line":13,"column":null}}],"line":13}},"s":{"0":2,"1":2,"2":0,"3":0,"4":2},"f":{"0":0},"b":{"0":[2,0],"1":[0,0]},"meta":{"lastBranch":2,"lastFunction":1,"lastStatement":5,"seen":{"s:4:17:6:Infinity":0,"b:5:7:5:43:5:43:5:Infinity":0,"s:8:6:16:Infinity":1,"f:8:28:8:29":0,"s:9:16:9:Infinity":2,"s:10:2:15:Infinity":3,"b:13:29:13:49:13:49:13:Infinity":1,"s:18:28:26:Infinity":4}}}
,"/Users/nybruker/Documents/Skole/h25/webdev/T26-Project-2/frontend/src/lib/utils.ts": {"path":"/Users/nybruker/Documents/Skole/h25/webdev/T26-Project-2/frontend/src/lib/utils.ts","statementMap":{"0":{"start":{"line":5,"column":2},"end":{"line":5,"column":null}}},"fnMap":{"0":{"name":"cn","decl":{"start":{"line":4,"column":16},"end":{"line":4,"column":22}},"loc":{"start":{"line":4,"column":44},"end":{"line":6,"column":null}},"line":4}},"branchMap":{},"s":{"0":11},"f":{"0":11},"b":{},"meta":{"lastBranch":0,"lastFunction":1,"lastStatement":1,"seen":{"f:4:16:4:22":0,"s:5:2:5:Infinity":0}}}
,"/Users/nybruker/Documents/Skole/h25/webdev/T26-Project-2/frontend/src/ui/pixelact/Icon.tsx": {"path":"/Users/nybruker/Documents/Skole/h25/webdev/T26-Project-2/frontend/src/ui/pixelact/Icon.tsx","statementMap":{"0":{"start":{"line":13,"column":14},"end":{"line":20,"column":null}},"1":{"start":{"line":22,"column":60},"end":{"line":28,"column":null}},"2":{"start":{"line":26,"column":24},"end":{"line":26,"column":null}},"3":{"start":{"line":27,"column":2},"end":{"line":27,"column":null}}},"fnMap":{"0":{"name":"(anonymous_0)","decl":{"start":{"line":22,"column":60},"end":{"line":22,"column":61}},"loc":{"start":{"line":25,"column":6},"end":{"line":28,"column":null}},"line":25}},"branchMap":{},"s":{"0":2,"1":2,"2":0,"3":0},"f":{"0":0},"b":{},"meta":{"lastBranch":0,"lastFunction":1,"lastStatement":4,"seen":{"s:13:14:20:Infinity":0,"s:22:60:28:Infinity":1,"f:22:60:22:61":0,"s:26:24:26:Infinity":2,"s:27:2:27:Infinity":3}}}
,"/Users/nybruker/Documents/Skole/h25/webdev/T26-Project-2/frontend/src/ui/pixelact/MultiSelect.tsx": {"path":"/Users/nybruker/Documents/Skole/h25/webdev/T26-Project-2/frontend/src/ui/pixelact/MultiSelect.tsx","statementMap":{"0":{"start":{"line":20,"column":22},"end":{"line":20,"column":null}},"1":{"start":{"line":21,"column":8},"end":{"line":21,"column":null}},"2":{"start":{"line":23,"column":2},"end":{"line":34,"column":null}},"3":{"start":{"line":24,"column":31},"end":{"line":31,"column":null}},"4":{"start":{"line":25,"column":6},"end":{"line":30,"column":null}},"5":{"start":{"line":29,"column":8},"end":{"line":29,"column":null}},"6":{"start":{"line":32,"column":4},"end":{"line":32,"column":null}},"7":{"start":{"line":33,"column":4},"end":{"line":33,"column":null}},"8":{"start":{"line":33,"column":17},"end":{"line":33,"column":null}},"9":{"start":{"line":36,"column":23},"end":{"line":42,"column":null}},"10":{"start":{"line":37,"column":4},"end":{"line":41,"column":null}},"11":{"start":{"line":38,"column":6},"end":{"line":38,"column":null}},"12":{"start":{"line":38,"column":38},"end":{"line":38,"column":48}},"13":{"start":{"line":40,"column":6},"end":{"line":40,"column":null}},"14":{"start":{"line":44,"column":2},"end":{"line":100,"column":null}},"15":{"start":{"line":51,"column":23},"end":{"line":51,"column":null}},"16":{"start":{"line":51,"column":41},"end":{"line":51,"column":46}},"17":{"start":{"line":70,"column":12},"end":{"line":96,"column":null}},"18":{"start":{"line":74,"column":16},"end":{"line":74,"column":null}},"19":{"start":{"line":77,"column":16},"end":{"line":77,"column":null}},"20":{"start":{"line":84,"column":34},"end":{"line":84,"column":null}}},"fnMap":{"0":{"name":"MultiSelect","decl":{"start":{"line":13,"column":16},"end":{"line":13,"column":28}},"loc":{"start":{"line":19,"column":21},"end":{"line":102,"column":null}},"line":19},"1":{"name":"(anonymous_1)","decl":{"start":{"line":23,"column":12},"end":{"line":23,"column":18}},"loc":{"start":{"line":23,"column":18},"end":{"line":34,"column":5}},"line":23},"2":{"name":"(anonymous_2)","decl":{"start":{"line":24,"column":31},"end":{"line":24,"column":32}},"loc":{"start":{"line":24,"column":50},"end":{"line":31,"column":null}},"line":24},"3":{"name":"(anonymous_3)","decl":{"start":{"line":33,"column":11},"end":{"line":33,"column":17}},"loc":{"start":{"line":33,"column":17},"end":{"line":33,"column":null}},"line":33},"4":{"name":"(anonymous_4)","decl":{"start":{"line":36,"column":23},"end":{"line":36,"column":24}},"loc":{"start":{"line":36,"column":41},"end":{"line":42,"column":null}},"line":36},"5":{"name":"(anonymous_5)","decl":{"start":{"line":38,"column":31},"end":{"line":38,"column":32}},"loc":{"start":{"line":38,"column":38},"end":{"line":38,"column":48}},"line":38},"6":{"name":"(anonymous_6)","decl":{"start":{"line":51,"column":17},"end":{"line":51,"column":23}},"loc":{"start":{"line":51,"column":23},"end":{"line":51,"column":null}},"line":51},"7":{"name":"(anonymous_7)","decl":{"start":{"line":51,"column":31},"end":{"line":51,"column":32}},"loc":{"start":{"line":51,"column":41},"end":{"line":51,"column":46}},"line":51},"8":{"name":"(anonymous_8)","decl":{"start":{"line":69,"column":23},"end":{"line":69,"column":24}},"loc":{"start":{"line":70,"column":12},"end":{"line":96,"column":null}},"line":70},"9":{"name":"(anonymous_9)","decl":{"start":{"line":73,"column":28},"end":{"line":73,"column":29}},"loc":{"start":{"line":73,"column":35},"end":{"line":75,"column":null}},"line":73},"10":{"name":"(anonymous_10)","decl":{"start":{"line":76,"column":28},"end":{"line":76,"column":29}},"loc":{"start":{"line":76,"column":35},"end":{"line":78,"column":null}},"line":76},"11":{"name":"(anonymous_11)","decl":{"start":{"line":84,"column":28},"end":{"line":84,"column":34}},"loc":{"start":{"line":84,"column":34},"end":{"line":84,"column":null}},"line":84}},"branchMap":{"0":{"loc":{"start":{"line":17,"column":2},"end":{"line":17,"column":null}},"type":"default-arg","locations":[{"start":{"line":17,"column":16},"end":{"line":17,"column":null}}],"line":17},"1":{"loc":{"start":{"line":25,"column":6},"end":{"line":30,"column":null}},"type":"if","locations":[{"start":{"line":25,"column":6},"end":{"line":30,"column":null}},{"start":{},"end":{}}],"line":25},"2":{"loc":{"start":{"line":26,"column":8},"end":{"line":27,"column":null}},"type":"binary-expr","locations":[{"start":{"line":26,"column":8},"end":{"line":26,"column":null}},{"start":{"line":27,"column":8},"end":{"line":27,"column":null}}],"line":26},"3":{"loc":{"start":{"line":37,"column":4},"end":{"line":41,"column":null}},"type":"if","locations":[{"start":{"line":37,"column":4},"end":{"line":41,"column":null}},{"start":{"line":39,"column":11},"end":{"line":41,"column":null}}],"line":37},"4":{"loc":{"start":{"line":58,"column":11},"end":{"line":58,"column":null}},"type":"cond-expr","locations":[{"start":{"line":58,"column":35},"end":{"line":58,"column":49}},{"start":{"line":58,"column":49},"end":{"line":58,"column":null}}],"line":58},"5":{"loc":{"start":{"line":63,"column":7},"end":{"line":98,"column":null}},"type":"binary-expr","locations":[{"start":{"line":63,"column":7},"end":{"line":63,"column":null}},{"start":{"line":64,"column":8},"end":{"line":98,"column":null}}],"line":63},"6":{"loc":{"start":{"line":93,"column":15},"end":{"line":94,"column":null}},"type":"binary-expr","locations":[{"start":{"line":93,"column":15},"end":{"line":93,"column":null}},{"start":{"line":94,"column":16},"end":{"line":94,"column":null}}],"line":93}},"s":{"0":0,"1":0,"2":0,"3":0,"4":0,"5":0,"6":0,"7":0,"8":0,"9":0,"10":0,"11":0,"12":0,"13":0,"14":0,"15":0,"16":0,"17":0,"18":0,"19":0,"20":0},"f":{"0":0,"1":0,"2":0,"3":0,"4":0,"5":0,"6":0,"7":0,"8":0,"9":0,"10":0,"11":0},"b":{"0":[0],"1":[0,0],"2":[0,0],"3":[0,0],"4":[0,0],"5":[0,0],"6":[0,0]},"meta":{"lastBranch":7,"lastFunction":12,"lastStatement":21,"seen":{"f:13:16:13:28":0,"b:17:16:17:Infinity":0,"s:20:22:20:Infinity":0,"s:21:8:21:Infinity":1,"s:23:2:34:Infinity":2,"f:23:12:23:18":1,"s:24:31:31:Infinity":3,"f:24:31:24:32":2,"b:25:6:30:Infinity:undefined:undefined:undefined:undefined":1,"s:25:6:30:Infinity":4,"b:26:8:26:Infinity:27:8:27:Infinity":2,"s:29:8:29:Infinity":5,"s:32:4:32:Infinity":6,"s:33:4:33:Infinity":7,"f:33:11:33:17":3,"s:33:17:33:Infinity":8,"s:36:23:42:Infinity":9,"f:36:23:36:24":4,"b:37:4:41:Infinity:39:11:41:Infinity":3,"s:37:4:41:Infinity":10,"s:38:6:38:Infinity":11,"f:38:31:38:32":5,"s:38:38:38:48":12,"s:40:6:40:Infinity":13,"s:44:2:100:Infinity":14,"f:51:17:51:23":6,"s:51:23:51:Infinity":15,"f:51:31:51:32":7,"s:51:41:51:46":16,"b:58:35:58:49:58:49:58:Infinity":4,"b:63:7:63:Infinity:64:8:98:Infinity":5,"f:69:23:69:24":8,"s:70:12:96:Infinity":17,"f:73:28:73:29":9,"s:74:16:74:Infinity":18,"f:76:28:76:29":10,"s:77:16:77:Infinity":19,"f:84:28:84:34":11,"s:84:34:84:Infinity":20,"b:93:15:93:Infinity:94:16:94:Infinity":6}}}
,"/Users/nybruker/Documents/Skole/h25/webdev/T26-Project-2/frontend/src/ui/pixelact/UnlockButton.tsx": {"path":"/Users/nybruker/Documents/Skole/h25/webdev/T26-Project-2/frontend/src/ui/pixelact/UnlockButton.tsx","statementMap":{"0":{"start":{"line":19,"column":4},"end":{"line":19,"column":null}},"1":{"start":{"line":21,"column":24},"end":{"line":21,"column":null}},"2":{"start":{"line":22,"column":20},"end":{"line":22,"column":null}},"3":{"start":{"line":24,"column":2},"end":{"line":61,"column":null}}},"fnMap":{"0":{"name":"UnlockButton","decl":{"start":{"line":10,"column":16},"end":{"line":10,"column":29}},"loc":{"start":{"line":17,"column":22},"end":{"line":63,"column":null}},"line":17}},"branchMap":{"0":{"loc":{"start":{"line":15,"column":2},"end":{"line":15,"column":null}},"type":"default-arg","locations":[{"start":{"line":15,"column":9},"end":{"line":15,"column":null}}],"line":15},"1":{"loc":{"start":{"line":16,"column":2},"end":{"line":16,"column":null}},"type":"default-arg","locations":[{"start":{"line":16,"column":15},"end":{"line":16,"column":null}}],"line":16},"2":{"loc":{"start":{"line":19,"column":4},"end":{"line":19,"column":null}},"type":"cond-expr","locations":[{"start":{"line":19,"column":23},"end":{"line":19,"column":47}},{"start":{"line":19,"column":47},"end":{"line":19,"column":null}}],"line":19},"3":{"loc":{"start":{"line":21,"column":24},"end":{"line":21,"column":null}},"type":"cond-expr","locations":[{"start":{"line":21,"column":43},"end":{"line":21,"column":56}},{"start":{"line":21,"column":56},"end":{"line":21,"column":null}}],"line":21},"4":{"loc":{"start":{"line":22,"column":20},"end":{"line":22,"column":null}},"type":"cond-expr","locations":[{"start":{"line":22,"column":39},"end":{"line":22,"column":51}},{"start":{"line":22,"column":51},"end":{"line":22,"column":null}}],"line":22},"5":{"loc":{"start":{"line":28,"column":8},"end":{"line":30,"column":null}},"type":"cond-expr","locations":[{"start":{"line":29,"column":12},"end":{"line":29,"column":null}},{"start":{"line":30,"column":12},"end":{"line":30,"column":null}}],"line":28},"6":{"loc":{"start":{"line":34,"column":7},"end":{"line":35,"column":null}},"type":"binary-expr","locations":[{"start":{"line":34,"column":7},"end":{"line":34,"column":null}},{"start":{"line":35,"column":8},"end":{"line":35,"column":null}}],"line":34},"7":{"loc":{"start":{"line":37,"column":7},"end":{"line":59,"column":null}},"type":"cond-expr","locations":[{"start":{"line":38,"column":8},"end":{"line":38,"column":null}},{"start":{"line":40,"column":8},"end":{"line":59,"column":null}}],"line":37},"8":{"loc":{"start":{"line":47,"column":31},"end":{"line":47,"column":null}},"type":"cond-expr","locations":[{"start":{"line":47,"column":44},"end":{"line":47,"column":70}},{"start":{"line":47,"column":70},"end":{"line":47,"column":null}}],"line":47},"9":{"loc":{"start":{"line":48,"column":22},"end":{"line":48,"column":null}},"type":"cond-expr","locations":[{"start":{"line":48,"column":35},"end":{"line":48,"column":71}},{"start":{"line":48,"column":71},"end":{"line":48,"column":null}}],"line":48}},"s":{"0":0,"1":0,"2":0,"3":0},"f":{"0":0},"b":{"0":[0],"1":[0],"2":[0,0],"3":[0,0],"4":[0,0],"5":[0,0],"6":[0,0],"7":[0,0],"8":[0,0],"9":[0,0]},"meta":{"lastBranch":10,"lastFunction":1,"lastStatement":4,"seen":{"f:10:16:10:29":0,"b:15:9:15:Infinity":0,"b:16:15:16:Infinity":1,"s:19:4:19:Infinity":0,"b:19:23:19:47:19:47:19:Infinity":2,"s:21:24:21:Infinity":1,"b:21:43:21:56:21:56:21:Infinity":3,"s:22:20:22:Infinity":2,"b:22:39:22:51:22:51:22:Infinity":4,"s:24:2:61:Infinity":3,"b:29:12:29:Infinity:30:12:30:Infinity":5,"b:34:7:34:Infinity:35:8:35:Infinity":6,"b:38:8:38:Infinity:40:8:59:Infinity":7,"b:47:44:47:70:47:70:47:Infinity":8,"b:48:35:48:71:48:71:48:Infinity":9}}}
,"/Users/nybruker/Documents/Skole/h25/webdev/T26-Project-2/frontend/src/ui/pixelact/avatar.tsx": {"path":"/Users/nybruker/Documents/Skole/h25/webdev/T26-Project-2/frontend/src/ui/pixelact/avatar.tsx","statementMap":{"0":{"start":{"line":8,"column":6},"end":{"line":30,"column":null}},"1":{"start":{"line":32,"column":6},"end":{"line":147,"column":null}},"2":{"start":{"line":40,"column":18},"end":{"line":40,"column":null}},"3":{"start":{"line":42,"column":2},"end":{"line":145,"column":null}},"4":{"start":{"line":148,"column":0},"end":{"line":148,"column":null}},"5":{"start":{"line":156,"column":6},"end":{"line":172,"column":null}},"6":{"start":{"line":160,"column":2},"end":{"line":170,"column":null}},"7":{"start":{"line":173,"column":0},"end":{"line":173,"column":null}},"8":{"start":{"line":175,"column":6},"end":{"line":188,"column":null}},"9":{"start":{"line":179,"column":2},"end":{"line":187,"column":null}},"10":{"start":{"line":189,"column":0},"end":{"line":189,"column":null}}},"fnMap":{"0":{"name":"(anonymous_0)","decl":{"start":{"line":39,"column":2},"end":{"line":39,"column":3}},"loc":{"start":{"line":39,"column":71},"end":{"line":147,"column":1}},"line":39},"1":{"name":"(anonymous_1)","decl":{"start":{"line":159,"column":2},"end":{"line":159,"column":3}},"loc":{"start":{"line":159,"column":40},"end":{"line":172,"column":1}},"line":159},"2":{"name":"(anonymous_2)","decl":{"start":{"line":178,"column":2},"end":{"line":178,"column":3}},"loc":{"start":{"line":179,"column":2},"end":{"line":187,"column":null}},"line":179}},"branchMap":{"0":{"loc":{"start":{"line":39,"column":4},"end":{"line":39,"column":20}},"type":"default-arg","locations":[{"start":{"line":39,"column":16},"end":{"line":39,"column":20}}],"line":39},"1":{"loc":{"start":{"line":39,"column":35},"end":{"line":39,"column":52}},"type":"default-arg","locations":[{"start":{"line":39,"column":42},"end":{"line":39,"column":52}}],"line":39},"2":{"loc":{"start":{"line":48,"column":9},"end":{"line":132,"column":null}},"type":"binary-expr","locations":[{"start":{"line":48,"column":9},"end":{"line":48,"column":null}},{"start":{"line":49,"column":10},"end":{"line":132,"column":null}}],"line":48},"3":{"loc":{"start":{"line":50,"column":13},"end":{"line":76,"column":null}},"type":"binary-expr","locations":[{"start":{"line":50,"column":13},"end":{"line":50,"column":null}},{"start":{"line":51,"column":14},"end":{"line":76,"column":null}}],"line":50},"4":{"loc":{"start":{"line":78,"column":13},"end":{"line":100,"column":null}},"type":"binary-expr","locations":[{"start":{"line":78,"column":13},"end":{"line":78,"column":null}},{"start":{"line":79,"column":14},"end":{"line":100,"column":null}}],"line":78},"5":{"loc":{"start":{"line":102,"column":13},"end":{"line":130,"column":null}},"type":"binary-expr","locations":[{"start":{"line":102,"column":13},"end":{"line":102,"column":null}},{"start":{"line":103,"column":14},"end":{"line":130,"column":null}}],"line":102},"6":{"loc":{"start":{"line":166,"column":8},"end":{"line":166,"column":null}},"type":"binary-expr","locations":[{"start":{"line":166,"column":8},"end":{"line":166,"column":28}},{"start":{"line":166,"column":28},"end":{"line":166,"column":null}}],"line":166}},"s":{"0":2,"1":2,"2":0,"3":0,"4":2,"5":2,"6":0,"7":2,"8":2,"9":0,"10":2},"f":{"0":0,"1":0,"2":0},"b":{"0":[0],"1":[0],"2":[0,0],"3":[0,0],"4":[0,0],"5":[0,0],"6":[0,0]},"meta":{"lastBranch":7,"lastFunction":3,"lastStatement":11,"seen":{"s:8:6:30:Infinity":0,"s:32:6:147:Infinity":1,"f:39:2:39:3":0,"b:39:16:39:20":0,"b:39:42:39:52":1,"s:40:18:40:Infinity":2,"s:42:2:145:Infinity":3,"b:48:9:48:Infinity:49:10:132:Infinity":2,"b:50:13:50:Infinity:51:14:76:Infinity":3,"b:78:13:78:Infinity:79:14:100:Infinity":4,"b:102:13:102:Infinity:103:14:130:Infinity":5,"s:148:0:148:Infinity":4,"s:156:6:172:Infinity":5,"f:159:2:159:3":1,"s:160:2:170:Infinity":6,"b:166:8:166:28:166:28:166:Infinity":6,"s:173:0:173:Infinity":7,"s:175:6:188:Infinity":8,"f:178:2:178:3":2,"s:179:2:187:Infinity":9,"s:189:0:189:Infinity":10}}}
,"/Users/nybruker/Documents/Skole/h25/webdev/T26-Project-2/frontend/src/ui/pixelact/button.css": {"path":"/Users/nybruker/Documents/Skole/h25/webdev/T26-Project-2/frontend/src/ui/pixelact/button.css","statementMap":{},"fnMap":{},"branchMap":{},"s":{},"f":{},"b":{},"meta":{"lastBranch":0,"lastFunction":0,"lastStatement":0,"seen":{}}}
,"/Users/nybruker/Documents/Skole/h25/webdev/T26-Project-2/frontend/src/ui/pixelact/button.tsx": {"path":"/Users/nybruker/Documents/Skole/h25/webdev/T26-Project-2/frontend/src/ui/pixelact/button.tsx","statementMap":{"0":{"start":{"line":8,"column":6},"end":{"line":31,"column":null}},"1":{"start":{"line":40,"column":15},"end":{"line":105,"column":null}},"2":{"start":{"line":44,"column":22},"end":{"line":51,"column":null}},"3":{"start":{"line":46,"column":4},"end":{"line":46,"column":null}},"4":{"start":{"line":48,"column":4},"end":{"line":50,"column":null}},"5":{"start":{"line":49,"column":6},"end":{"line":49,"column":null}},"6":{"start":{"line":53,"column":25},"end":{"line":59,"column":null}},"7":{"start":{"line":55,"column":4},"end":{"line":55,"column":null}},"8":{"start":{"line":56,"column":4},"end":{"line":58,"column":null}},"9":{"start":{"line":57,"column":7},"end":{"line":57,"column":null}},"10":{"start":{"line":62,"column":22},"end":{"line":79,"column":null}},"11":{"start":{"line":64,"column":16},"end":{"line":64,"column":null}},"12":{"start":{"line":67,"column":14},"end":{"line":67,"column":null}},"13":{"start":{"line":68,"column":14},"end":{"line":68,"column":null}},"14":{"start":{"line":69,"column":14},"end":{"line":69,"column":null}},"15":{"start":{"line":72,"column":22},"end":{"line":72,"column":null}},"16":{"start":{"line":73,"column":22},"end":{"line":73,"column":null}},"17":{"start":{"line":74,"column":22},"end":{"line":74,"column":null}},"18":{"start":{"line":77,"column":18},"end":{"line":77,"column":null}},"19":{"start":{"line":77,"column":33},"end":{"line":77,"column":null}},"20":{"start":{"line":78,"column":4},"end":{"line":78,"column":null}},"21":{"start":{"line":81,"column":22},"end":{"line":87,"column":null}},"22":{"start":{"line":89,"column":2},"end":{"line":103,"column":null}}},"fnMap":{"0":{"name":"(anonymous_0)","decl":{"start":{"line":43,"column":2},"end":{"line":43,"column":3}},"loc":{"start":{"line":43,"column":74},"end":{"line":105,"column":1}},"line":43},"1":{"name":"(anonymous_1)","decl":{"start":{"line":44,"column":22},"end":{"line":44,"column":23}},"loc":{"start":{"line":44,"column":66},"end":{"line":51,"column":null}},"line":44},"2":{"name":"(anonymous_2)","decl":{"start":{"line":53,"column":25},"end":{"line":53,"column":26}},"loc":{"start":{"line":53,"column":69},"end":{"line":59,"column":null}},"line":53},"3":{"name":"(anonymous_3)","decl":{"start":{"line":62,"column":22},"end":{"line":62,"column":23}},"loc":{"start":{"line":62,"column":71},"end":{"line":79,"column":null}},"line":62},"4":{"name":"(anonymous_4)","decl":{"start":{"line":77,"column":18},"end":{"line":77,"column":19}},"loc":{"start":{"line":77,"column":33},"end":{"line":77,"column":null}},"line":77}},"branchMap":{"0":{"loc":{"start":{"line":48,"column":4},"end":{"line":50,"column":null}},"type":"if","locations":[{"start":{"line":48,"column":4},"end":{"line":50,"column":null}},{"start":{},"end":{}}],"line":48},"1":{"loc":{"start":{"line":56,"column":4},"end":{"line":58,"column":null}},"type":"if","locations":[{"start":{"line":56,"column":4},"end":{"line":58,"column":null}},{"start":{},"end":{}}],"line":56},"2":{"loc":{"start":{"line":62,"column":38},"end":{"line":62,"column":71}},"type":"default-arg","locations":[{"start":{"line":62,"column":56},"end":{"line":62,"column":71}}],"line":62},"3":{"loc":{"start":{"line":83,"column":8},"end":{"line":85,"column":null}},"type":"binary-expr","locations":[{"start":{"line":83,"column":8},"end":{"line":83,"column":19}},{"start":{"line":83,"column":19},"end":{"line":85,"column":null}}],"line":83},"4":{"loc":{"start":{"line":94,"column":8},"end":{"line":94,"column":null}},"type":"binary-expr","locations":[{"start":{"line":94,"column":8},"end":{"line":94,"column":19}},{"start":{"line":94,"column":19},"end":{"line":94,"column":null}}],"line":94}},"s":{"0":2,"1":2,"2":0,"3":0,"4":0,"5":0,"6":0,"7":0,"8":0,"9":0,"10":0,"11":0,"12":0,"13":0,"14":0,"15":0,"16":0,"17":0,"18":0,"19":0,"20":0,"21":0,"22":0},"f":{"0":0,"1":0,"2":0,"3":0,"4":0},"b":{"0":[0,0],"1":[0,0],"2":[0],"3":[0,0],"4":[0,0]},"meta":{"lastBranch":5,"lastFunction":5,"lastStatement":23,"seen":{"s:8:6:31:Infinity":0,"s:40:15:105:Infinity":1,"f:43:2:43:3":0,"s:44:22:51:Infinity":2,"f:44:22:44:23":1,"s:46:4:46:Infinity":3,"b:48:4:50:Infinity:undefined:undefined:undefined:undefined":0,"s:48:4:50:Infinity":4,"s:49:6:49:Infinity":5,"s:53:25:59:Infinity":6,"f:53:25:53:26":2,"s:55:4:55:Infinity":7,"b:56:4:58:Infinity:undefined:undefined:undefined:undefined":1,"s:56:4:58:Infinity":8,"s:57:7:57:Infinity":9,"s:62:22:79:Infinity":10,"f:62:22:62:23":3,"b:62:56:62:71":2,"s:64:16:64:Infinity":11,"s:67:14:67:Infinity":12,"s:68:14:68:Infinity":13,"s:69:14:69:Infinity":14,"s:72:22:72:Infinity":15,"s:73:22:73:Infinity":16,"s:74:22:74:Infinity":17,"s:77:18:77:Infinity":18,"f:77:18:77:19":4,"s:77:33:77:Infinity":19,"s:78:4:78:Infinity":20,"s:81:22:87:Infinity":21,"b:83:8:83:19:83:19:85:Infinity":3,"s:89:2:103:Infinity":22,"b:94:8:94:19:94:19:94:Infinity":4}}}
,"/Users/nybruker/Documents/Skole/h25/webdev/T26-Project-2/frontend/src/ui/pixelact/card-variants.ts": {"path":"/Users/nybruker/Documents/Skole/h25/webdev/T26-Project-2/frontend/src/ui/pixelact/card-variants.ts","statementMap":{"0":{"start":{"line":3,"column":13},"end":{"line":13,"column":null}}},"fnMap":{},"branchMap":{},"s":{"0":2},"f":{},"b":{},"meta":{"lastBranch":0,"lastFunction":0,"lastStatement":1,"seen":{"s:3:13:13:Infinity":0}}}
,"/Users/nybruker/Documents/Skole/h25/webdev/T26-Project-2/frontend/src/ui/pixelact/card.tsx": {"path":"/Users/nybruker/Documents/Skole/h25/webdev/T26-Project-2/frontend/src/ui/pixelact/card.tsx","statementMap":{"0":{"start":{"line":25,"column":28},"end":{"line":25,"column":null}},"1":{"start":{"line":27,"column":2},"end":{"line":35,"column":null}},"2":{"start":{"line":40,"column":22},"end":{"line":40,"column":null}},"3":{"start":{"line":42,"column":2},"end":{"line":42,"column":null}},"4":{"start":{"line":46,"column":22},"end":{"line":46,"column":null}},"5":{"start":{"line":48,"column":2},"end":{"line":52,"column":null}},"6":{"start":{"line":57,"column":22},"end":{"line":57,"column":null}},"7":{"start":{"line":59,"column":2},"end":{"line":59,"column":null}},"8":{"start":{"line":63,"column":22},"end":{"line":63,"column":null}},"9":{"start":{"line":65,"column":2},"end":{"line":65,"column":null}},"10":{"start":{"line":69,"column":22},"end":{"line":69,"column":null}},"11":{"start":{"line":71,"column":2},"end":{"line":71,"column":null}},"12":{"start":{"line":75,"column":22},"end":{"line":75,"column":null}},"13":{"start":{"line":77,"column":2},"end":{"line":82,"column":null}}},"fnMap":{"0":{"name":"Card","decl":{"start":{"line":24,"column":9},"end":{"line":24,"column":14}},"loc":{"start":{"line":24,"column":37},"end":{"line":37,"column":null}},"line":24},"1":{"name":"CardHeader","decl":{"start":{"line":39,"column":9},"end":{"line":39,"column":20}},"loc":{"start":{"line":39,"column":43},"end":{"line":43,"column":null}},"line":39},"2":{"name":"CardTitle","decl":{"start":{"line":45,"column":9},"end":{"line":45,"column":19}},"loc":{"start":{"line":45,"column":42},"end":{"line":54,"column":null}},"line":45},"3":{"name":"CardDescription","decl":{"start":{"line":56,"column":9},"end":{"line":56,"column":25}},"loc":{"start":{"line":56,"column":48},"end":{"line":60,"column":null}},"line":56},"4":{"name":"CardAction","decl":{"start":{"line":62,"column":9},"end":{"line":62,"column":20}},"loc":{"start":{"line":62,"column":43},"end":{"line":66,"column":null}},"line":62},"5":{"name":"CardContent","decl":{"start":{"line":68,"column":9},"end":{"line":68,"column":21}},"loc":{"start":{"line":68,"column":44},"end":{"line":72,"column":null}},"line":68},"6":{"name":"CardFooter","decl":{"start":{"line":74,"column":9},"end":{"line":74,"column":20}},"loc":{"start":{"line":74,"column":43},"end":{"line":84,"column":null}},"line":74}},"branchMap":{},"s":{"0":0,"1":0,"2":0,"3":0,"4":0,"5":0,"6":0,"7":0,"8":0,"9":0,"10":0,"11":0,"12":0,"13":0},"f":{"0":0,"1":0,"2":0,"3":0,"4":0,"5":0,"6":0},"b":{},"meta":{"lastBranch":0,"lastFunction":7,"lastStatement":14,"seen":{"f:24:9:24:14":0,"s:25:28:25:Infinity":0,"s:27:2:35:Infinity":1,"f:39:9:39:20":1,"s:40:22:40:Infinity":2,"s:42:2:42:Infinity":3,"f:45:9:45:19":2,"s:46:22:46:Infinity":4,"s:48:2:52:Infinity":5,"f:56:9:56:25":3,"s:57:22:57:Infinity":6,"s:59:2:59:Infinity":7,"f:62:9:62:20":4,"s:63:22:63:Infinity":8,"s:65:2:65:Infinity":9,"f:68:9:68:21":5,"s:69:22:69:Infinity":10,"s:71:2:71:Infinity":11,"f:74:9:74:20":6,"s:75:22:75:Infinity":12,"s:77:2:82:Infinity":13}}}
,"/Users/nybruker/Documents/Skole/h25/webdev/T26-Project-2/frontend/src/ui/pixelact/dialog.tsx": {"path":"/Users/nybruker/Documents/Skole/h25/webdev/T26-Project-2/frontend/src/ui/pixelact/dialog.tsx","statementMap":{"0":{"start":{"line":17,"column":2},"end":{"line":17,"column":null}},"1":{"start":{"line":17,"column":13},"end":{"line":17,"column":null}},"2":{"start":{"line":19,"column":2},"end":{"line":26,"column":null}},"3":{"start":{"line":21,"column":54},"end":{"line":21,"column":null}},"4":{"start":{"line":30,"column":2},"end":{"line":30,"column":null}}},"fnMap":{"0":{"name":"Dialog","decl":{"start":{"line":16,"column":16},"end":{"line":16,"column":23}},"loc":{"start":{"line":16,"column":63},"end":{"line":27,"column":null}},"line":16},"1":{"name":"(anonymous_1)","decl":{"start":{"line":21,"column":47},"end":{"line":21,"column":48}},"loc":{"start":{"line":21,"column":54},"end":{"line":21,"column":null}},"line":21},"2":{"name":"DialogBody","decl":{"start":{"line":29,"column":16},"end":{"line":29,"column":27}},"loc":{"start":{"line":29,"column":75},"end":{"line":31,"column":null}},"line":29}},"branchMap":{"0":{"loc":{"start":{"line":17,"column":2},"end":{"line":17,"column":null}},"type":"if","locations":[{"start":{"line":17,"column":2},"end":{"line":17,"column":null}},{"start":{},"end":{}}],"line":17},"1":{"loc":{"start":{"line":29,"column":38},"end":{"line":29,"column":52}},"type":"default-arg","locations":[{"start":{"line":29,"column":50},"end":{"line":29,"column":52}}],"line":29}},"s":{"0":0,"1":0,"2":0,"3":0,"4":0},"f":{"0":0,"1":0,"2":0},"b":{"0":[0,0],"1":[0]},"meta":{"lastBranch":2,"lastFunction":3,"lastStatement":5,"seen":{"f:16:16:16:23":0,"b:17:2:17:Infinity:undefined:undefined:undefined:undefined":0,"s:17:2:17:Infinity":0,"s:17:13:17:Infinity":1,"s:19:2:26:Infinity":2,"f:21:47:21:48":1,"s:21:54:21:Infinity":3,"f:29:16:29:27":2,"b:29:50:29:52":1,"s:30:2:30:Infinity":4}}}
,"/Users/nybruker/Documents/Skole/h25/webdev/T26-Project-2/frontend/src/ui/pixelact/icons.tsx": {"path":"/Users/nybruker/Documents/Skole/h25/webdev/T26-Project-2/frontend/src/ui/pixelact/icons.tsx","statementMap":{"0":{"start":{"line":8,"column":19},"end":{"line":25,"column":null}},"1":{"start":{"line":9,"column":2},"end":{"line":24,"column":null}},"2":{"start":{"line":11,"column":6},"end":{"line":22,"column":null}},"3":{"start":{"line":27,"column":26},"end":{"line":29,"column":null}},"4":{"start":{"line":31,"column":25},"end":{"line":33,"column":null}},"5":{"start":{"line":35,"column":24},"end":{"line":37,"column":null}},"6":{"start":{"line":39,"column":23},"end":{"line":41,"column":null}},"7":{"start":{"line":43,"column":24},"end":{"line":45,"column":null}},"8":{"start":{"line":47,"column":24},"end":{"line":49,"column":null}}},"fnMap":{"0":{"name":"(anonymous_0)","decl":{"start":{"line":8,"column":19},"end":{"line":8,"column":20}},"loc":{"start":{"line":8,"column":64},"end":{"line":25,"column":null}},"line":8},"1":{"name":"(anonymous_1)","decl":{"start":{"line":10,"column":4},"end":{"line":10,"column":5}},"loc":{"start":{"line":11,"column":6},"end":{"line":22,"column":null}},"line":11}},"branchMap":{"0":{"loc":{"start":{"line":8,"column":38},"end":{"line":8,"column":64}},"type":"default-arg","locations":[{"start":{"line":8,"column":48},"end":{"line":8,"column":64}}],"line":8},"1":{"loc":{"start":{"line":10,"column":6},"end":{"line":10,"column":22}},"type":"default-arg","locations":[{"start":{"line":10,"column":18},"end":{"line":10,"column":22}}],"line":10},"2":{"loc":{"start":{"line":10,"column":22},"end":{"line":10,"column":33}},"type":"default-arg","locations":[{"start":{"line":10,"column":29},"end":{"line":10,"column":33}}],"line":10}},"s":{"0":2,"1":12,"2":0,"3":2,"4":2,"5":2,"6":2,"7":2,"8":2},"f":{"0":12,"1":0},"b":{"0":[12],"1":[0],"2":[0]},"meta":{"lastBranch":3,"lastFunction":2,"lastStatement":9,"seen":{"s:8:19:25:Infinity":0,"f:8:19:8:20":0,"b:8:48:8:64":0,"s:9:2:24:Infinity":1,"f:10:4:10:5":1,"s:11:6:22:Infinity":2,"b:10:18:10:22":1,"b:10:29:10:33":2,"s:27:26:29:Infinity":3,"s:31:25:33:Infinity":4,"s:35:24:37:Infinity":5,"s:39:23:41:Infinity":6,"s:43:24:45:Infinity":7,"s:47:24:49:Infinity":8}}}
,"/Users/nybruker/Documents/Skole/h25/webdev/T26-Project-2/frontend/src/ui/pixelact/index.ts": {"path":"/Users/nybruker/Documents/Skole/h25/webdev/T26-Project-2/frontend/src/ui/pixelact/index.ts","statementMap":{},"fnMap":{},"branchMap":{},"s":{},"f":{},"b":{},"meta":{"lastBranch":0,"lastFunction":0,"lastStatement":0,"seen":{}}}
,"/Users/nybruker/Documents/Skole/h25/webdev/T26-Project-2/frontend/src/ui/pixelact/input.tsx": {"path":"/Users/nybruker/Documents/Skole/h25/webdev/T26-Project-2/frontend/src/ui/pixelact/input.tsx","statementMap":{"0":{"start":{"line":11,"column":14},"end":{"line":31,"column":null}},"1":{"start":{"line":13,"column":4},"end":{"line":28,"column":null}},"2":{"start":{"line":32,"column":0},"end":{"line":32,"column":null}}},"fnMap":{"0":{"name":"(anonymous_0)","decl":{"start":{"line":12,"column":2},"end":{"line":12,"column":3}},"loc":{"start":{"line":12,"column":44},"end":{"line":30,"column":null}},"line":12}},"branchMap":{"0":{"loc":{"start":{"line":17,"column":10},"end":{"line":17,"column":null}},"type":"binary-expr","locations":[{"start":{"line":17,"column":10},"end":{"line":17,"column":22}},{"start":{"line":17,"column":22},"end":{"line":17,"column":null}}],"line":17}},"s":{"0":2,"1":0,"2":2},"f":{"0":0},"b":{"0":[0,0]},"meta":{"lastBranch":1,"lastFunction":1,"lastStatement":3,"seen":{"s:11:14:31:Infinity":0,"f:12:2:12:3":0,"s:13:4:28:Infinity":1,"b:17:10:17:22:17:22:17:Infinity":0,"s:32:0:32:Infinity":2}}}
,"/Users/nybruker/Documents/Skole/h25/webdev/T26-Project-2/frontend/src/ui/pixelact/label.tsx": {"path":"/Users/nybruker/Documents/Skole/h25/webdev/T26-Project-2/frontend/src/ui/pixelact/label.tsx","statementMap":{"0":{"start":{"line":14,"column":2},"end":{"line":18,"column":null}}},"fnMap":{"0":{"name":"Label","decl":{"start":{"line":13,"column":9},"end":{"line":13,"column":15}},"loc":{"start":{"line":13,"column":55},"end":{"line":20,"column":null}},"line":13}},"branchMap":{},"s":{"0":0},"f":{"0":0},"b":{},"meta":{"lastBranch":0,"lastFunction":1,"lastStatement":1,"seen":{"f:13:9:13:15":0,"s:14:2:18:Infinity":0}}}
,"/Users/nybruker/Documents/Skole/h25/webdev/T26-Project-2/frontend/src/ui/pixelact/menubar-variants.ts": {"path":"/Users/nybruker/Documents/Skole/h25/webdev/T26-Project-2/frontend/src/ui/pixelact/menubar-variants.ts","statementMap":{"0":{"start":{"line":3,"column":13},"end":{"line":16,"column":null}}},"fnMap":{},"branchMap":{},"s":{"0":2},"f":{},"b":{},"meta":{"lastBranch":0,"lastFunction":0,"lastStatement":1,"seen":{"s:3:13:16:Infinity":0}}}
,"/Users/nybruker/Documents/Skole/h25/webdev/T26-Project-2/frontend/src/ui/pixelact/menubar.tsx": {"path":"/Users/nybruker/Documents/Skole/h25/webdev/T26-Project-2/frontend/src/ui/pixelact/menubar.tsx","statementMap":{"0":{"start":{"line":11,"column":2},"end":{"line":11,"column":null}},"1":{"start":{"line":17,"column":2},"end":{"line":17,"column":null}},"2":{"start":{"line":23,"column":2},"end":{"line":23,"column":null}},"3":{"start":{"line":29,"column":2},"end":{"line":29,"column":null}},"4":{"start":{"line":35,"column":2},"end":{"line":35,"column":null}},"5":{"start":{"line":38,"column":16},"end":{"line":53,"column":null}},"6":{"start":{"line":44,"column":2},"end":{"line":52,"column":null}},"7":{"start":{"line":54,"column":0},"end":{"line":54,"column":null}},"8":{"start":{"line":56,"column":23},"end":{"line":68,"column":null}},"9":{"start":{"line":60,"column":2},"end":{"line":67,"column":null}},"10":{"start":{"line":69,"column":0},"end":{"line":69,"column":null}},"11":{"start":{"line":71,"column":26},"end":{"line":107,"column":null}},"12":{"start":{"line":77,"column":2},"end":{"line":106,"column":null}},"13":{"start":{"line":108,"column":0},"end":{"line":108,"column":null}},"14":{"start":{"line":110,"column":26},"end":{"line":125,"column":null}},"15":{"start":{"line":116,"column":2},"end":{"line":124,"column":null}},"16":{"start":{"line":126,"column":0},"end":{"line":126,"column":null}},"17":{"start":{"line":128,"column":23},"end":{"line":160,"column":null}},"18":{"start":{"line":145,"column":4},"end":{"line":158,"column":null}},"19":{"start":{"line":161,"column":0},"end":{"line":161,"column":null}},"20":{"start":{"line":163,"column":20},"end":{"line":178,"column":null}},"21":{"start":{"line":169,"column":2},"end":{"line":177,"column":null}},"22":{"start":{"line":179,"column":0},"end":{"line":179,"column":null}},"23":{"start":{"line":181,"column":28},"end":{"line":276,"column":null}},"24":{"start":{"line":185,"column":2},"end":{"line":275,"column":null}},"25":{"start":{"line":277,"column":0},"end":{"line":277,"column":null}},"26":{"start":{"line":279,"column":25},"end":{"line":298,"column":null}},"27":{"start":{"line":283,"column":2},"end":{"line":297,"column":null}},"28":{"start":{"line":299,"column":0},"end":{"line":299,"column":null}},"29":{"start":{"line":301,"column":21},"end":{"line":316,"column":null}},"30":{"start":{"line":307,"column":2},"end":{"line":315,"column":null}},"31":{"start":{"line":317,"column":0},"end":{"line":317,"column":null}},"32":{"start":{"line":319,"column":25},"end":{"line":328,"column":null}},"33":{"start":{"line":323,"column":2},"end":{"line":327,"column":null}},"34":{"start":{"line":329,"column":0},"end":{"line":329,"column":null}},"35":{"start":{"line":331,"column":24},"end":{"line":344,"column":null}},"36":{"start":{"line":335,"column":2},"end":{"line":342,"column":null}},"37":{"start":{"line":345,"column":0},"end":{"line":345,"column":null}}},"fnMap":{"0":{"name":"MenubarMenu","decl":{"start":{"line":8,"column":9},"end":{"line":8,"column":21}},"loc":{"start":{"line":10,"column":55},"end":{"line":12,"column":null}},"line":10},"1":{"name":"MenubarGroup","decl":{"start":{"line":14,"column":9},"end":{"line":14,"column":22}},"loc":{"start":{"line":16,"column":56},"end":{"line":18,"column":null}},"line":16},"2":{"name":"MenubarPortal","decl":{"start":{"line":20,"column":9},"end":{"line":20,"column":23}},"loc":{"start":{"line":22,"column":57},"end":{"line":24,"column":null}},"line":22},"3":{"name":"MenubarRadioGroup","decl":{"start":{"line":26,"column":9},"end":{"line":26,"column":27}},"loc":{"start":{"line":28,"column":61},"end":{"line":30,"column":null}},"line":28},"4":{"name":"MenubarSub","decl":{"start":{"line":32,"column":9},"end":{"line":32,"column":20}},"loc":{"start":{"line":34,"column":54},"end":{"line":36,"column":null}},"line":34},"5":{"name":"(anonymous_5)","decl":{"start":{"line":43,"column":2},"end":{"line":43,"column":3}},"loc":{"start":{"line":44,"column":2},"end":{"line":52,"column":null}},"line":44},"6":{"name":"(anonymous_6)","decl":{"start":{"line":59,"column":2},"end":{"line":59,"column":3}},"loc":{"start":{"line":60,"column":2},"end":{"line":67,"column":null}},"line":60},"7":{"name":"(anonymous_7)","decl":{"start":{"line":76,"column":2},"end":{"line":76,"column":3}},"loc":{"start":{"line":77,"column":2},"end":{"line":106,"column":null}},"line":77},"8":{"name":"(anonymous_8)","decl":{"start":{"line":115,"column":2},"end":{"line":115,"column":3}},"loc":{"start":{"line":116,"column":2},"end":{"line":124,"column":null}},"line":116},"9":{"name":"(anonymous_9)","decl":{"start":{"line":134,"column":2},"end":{"line":134,"column":null}},"loc":{"start":{"line":145,"column":4},"end":{"line":158,"column":null}},"line":145},"10":{"name":"(anonymous_10)","decl":{"start":{"line":168,"column":2},"end":{"line":168,"column":3}},"loc":{"start":{"line":169,"column":2},"end":{"line":177,"column":null}},"line":169},"11":{"name":"(anonymous_11)","decl":{"start":{"line":184,"column":2},"end":{"line":184,"column":3}},"loc":{"start":{"line":185,"column":2},"end":{"line":275,"column":null}},"line":185},"12":{"name":"(anonymous_12)","decl":{"start":{"line":282,"column":2},"end":{"line":282,"column":3}},"loc":{"start":{"line":283,"column":2},"end":{"line":297,"column":null}},"line":283},"13":{"name":"(anonymous_13)","decl":{"start":{"line":306,"column":2},"end":{"line":306,"column":3}},"loc":{"start":{"line":307,"column":2},"end":{"line":315,"column":null}},"line":307},"14":{"name":"(anonymous_14)","decl":{"start":{"line":322,"column":2},"end":{"line":322,"column":3}},"loc":{"start":{"line":323,"column":2},"end":{"line":327,"column":null}},"line":323},"15":{"name":"(anonymous_15)","decl":{"start":{"line":331,"column":24},"end":{"line":331,"column":25}},"loc":{"start":{"line":334,"column":45},"end":{"line":344,"column":null}},"line":334}},"branchMap":{"0":{"loc":{"start":{"line":81,"column":6},"end":{"line":81,"column":null}},"type":"binary-expr","locations":[{"start":{"line":81,"column":6},"end":{"line":81,"column":15}},{"start":{"line":81,"column":15},"end":{"line":81,"column":null}}],"line":81},"1":{"loc":{"start":{"line":137,"column":6},"end":{"line":137,"column":null}},"type":"default-arg","locations":[{"start":{"line":137,"column":14},"end":{"line":137,"column":null}}],"line":137},"2":{"loc":{"start":{"line":138,"column":6},"end":{"line":138,"column":null}},"type":"default-arg","locations":[{"start":{"line":138,"column":20},"end":{"line":138,"column":null}}],"line":138},"3":{"loc":{"start":{"line":140,"column":6},"end":{"line":140,"column":null}},"type":"default-arg","locations":[{"start":{"line":140,"column":19},"end":{"line":140,"column":null}}],"line":140},"4":{"loc":{"start":{"line":173,"column":6},"end":{"line":173,"column":null}},"type":"binary-expr","locations":[{"start":{"line":173,"column":6},"end":{"line":173,"column":15}},{"start":{"line":173,"column":15},"end":{"line":173,"column":null}}],"line":173},"5":{"loc":{"start":{"line":311,"column":6},"end":{"line":311,"column":null}},"type":"binary-expr","locations":[{"start":{"line":311,"column":6},"end":{"line":311,"column":15}},{"start":{"line":311,"column":15},"end":{"line":311,"column":null}}],"line":311}},"s":{"0":0,"1":0,"2":0,"3":0,"4":0,"5":2,"6":0,"7":2,"8":2,"9":0,"10":2,"11":2,"12":0,"13":2,"14":2,"15":0,"16":2,"17":2,"18":0,"19":2,"20":2,"21":0,"22":2,"23":2,"24":0,"25":2,"26":2,"27":0,"28":2,"29":2,"30":0,"31":2,"32":2,"33":0,"34":2,"35":2,"36":0,"37":2},"f":{"0":0,"1":0,"2":0,"3":0,"4":0,"5":0,"6":0,"7":0,"8":0,"9":0,"10":0,"11":0,"12":0,"13":0,"14":0,"15":0},"b":{"0":[0,0],"1":[0],"2":[0],"3":[0],"4":[0,0],"5":[0,0]},"meta":{"lastBranch":6,"lastFunction":16,"lastStatement":38,"seen":{"f:8:9:8:21":0,"s:11:2:11:Infinity":0,"f:14:9:14:22":1,"s:17:2:17:Infinity":1,"f:20:9:20:23":2,"s:23:2:23:Infinity":2,"f:26:9:26:27":3,"s:29:2:29:Infinity":3,"f:32:9:32:20":4,"s:35:2:35:Infinity":4,"s:38:16:53:Infinity":5,"f:43:2:43:3":5,"s:44:2:52:Infinity":6,"s:54:0:54:Infinity":7,"s:56:23:68:Infinity":8,"f:59:2:59:3":6,"s:60:2:67:Infinity":9,"s:69:0:69:Infinity":10,"s:71:26:107:Infinity":11,"f:76:2:76:3":7,"s:77:2:106:Infinity":12,"b:81:6:81:15:81:15:81:Infinity":0,"s:108:0:108:Infinity":13,"s:110:26:125:Infinity":14,"f:115:2:115:3":8,"s:116:2:124:Infinity":15,"s:126:0:126:Infinity":16,"s:128:23:160:Infinity":17,"f:134:2:134:Infinity":9,"s:145:4:158:Infinity":18,"b:137:14:137:Infinity":1,"b:138:20:138:Infinity":2,"b:140:19:140:Infinity":3,"s:161:0:161:Infinity":19,"s:163:20:178:Infinity":20,"f:168:2:168:3":10,"s:169:2:177:Infinity":21,"b:173:6:173:15:173:15:173:Infinity":4,"s:179:0:179:Infinity":22,"s:181:28:276:Infinity":23,"f:184:2:184:3":11,"s:185:2:275:Infinity":24,"s:277:0:277:Infinity":25,"s:279:25:298:Infinity":26,"f:282:2:282:3":12,"s:283:2:297:Infinity":27,"s:299:0:299:Infinity":28,"s:301:21:316:Infinity":29,"f:306:2:306:3":13,"s:307:2:315:Infinity":30,"b:311:6:311:15:311:15:311:Infinity":5,"s:317:0:317:Infinity":31,"s:319:25:328:Infinity":32,"f:322:2:322:3":14,"s:323:2:327:Infinity":33,"s:329:0:329:Infinity":34,"s:331:24:344:Infinity":35,"f:331:24:331:25":15,"s:335:2:342:Infinity":36,"s:345:0:345:Infinity":37}}}
,"/Users/nybruker/Documents/Skole/h25/webdev/T26-Project-2/frontend/src/ui/pixelact/select-variants.ts": {"path":"/Users/nybruker/Documents/Skole/h25/webdev/T26-Project-2/frontend/src/ui/pixelact/select-variants.ts","statementMap":{"0":{"start":{"line":3,"column":13},"end":{"line":13,"column":null}}},"fnMap":{},"branchMap":{},"s":{"0":2},"f":{},"b":{},"meta":{"lastBranch":0,"lastFunction":0,"lastStatement":1,"seen":{"s:3:13:13:Infinity":0}}}
,"/Users/nybruker/Documents/Skole/h25/webdev/T26-Project-2/frontend/src/ui/pixelact/select.tsx": {"path":"/Users/nybruker/Documents/Skole/h25/webdev/T26-Project-2/frontend/src/ui/pixelact/select.tsx","statementMap":{"0":{"start":{"line":29,"column":2},"end":{"line":29,"column":null}},"1":{"start":{"line":35,"column":2},"end":{"line":35,"column":null}},"2":{"start":{"line":45,"column":2},"end":{"line":45,"column":null}},"3":{"start":{"line":60,"column":2},"end":{"line":82,"column":null}},"4":{"start":{"line":98,"column":2},"end":{"line":113,"column":null}},"5":{"start":{"line":121,"column":2},"end":{"line":121,"column":null}},"6":{"start":{"line":129,"column":2},"end":{"line":149,"column":null}},"7":{"start":{"line":141,"column":8},"end":{"line":141,"column":null}},"8":{"start":{"line":144,"column":8},"end":{"line":144,"column":null}},"9":{"start":{"line":157,"column":2},"end":{"line":157,"column":null}},"10":{"start":{"line":164,"column":2},"end":{"line":164,"column":null}},"11":{"start":{"line":171,"column":2},"end":{"line":171,"column":null}}},"fnMap":{"0":{"name":"Select","decl":{"start":{"line":28,"column":9},"end":{"line":28,"column":16}},"loc":{"start":{"line":28,"column":71},"end":{"line":30,"column":null}},"line":28},"1":{"name":"SelectGroup","decl":{"start":{"line":32,"column":9},"end":{"line":32,"column":21}},"loc":{"start":{"line":34,"column":55},"end":{"line":36,"column":null}},"line":34},"2":{"name":"SelectValue","decl":{"start":{"line":44,"column":9},"end":{"line":44,"column":21}},"loc":{"start":{"line":44,"column":57},"end":{"line":46,"column":null}},"line":44},"3":{"name":"SelectTrigger","decl":{"start":{"line":54,"column":9},"end":{"line":54,"column":23}},"loc":{"start":{"line":59,"column":23},"end":{"line":84,"column":null}},"line":59},"4":{"name":"SelectContent","decl":{"start":{"line":92,"column":9},"end":{"line":92,"column":23}},"loc":{"start":{"line":97,"column":23},"end":{"line":115,"column":null}},"line":97},"5":{"name":"SelectLabel","decl":{"start":{"line":117,"column":9},"end":{"line":117,"column":21}},"loc":{"start":{"line":120,"column":55},"end":{"line":122,"column":null}},"line":120},"6":{"name":"SelectItem","decl":{"start":{"line":124,"column":9},"end":{"line":124,"column":20}},"loc":{"start":{"line":128,"column":54},"end":{"line":151,"column":null}},"line":128},"7":{"name":"(anonymous_7)","decl":{"start":{"line":140,"column":20},"end":{"line":140,"column":21}},"loc":{"start":{"line":140,"column":27},"end":{"line":142,"column":null}},"line":140},"8":{"name":"(anonymous_8)","decl":{"start":{"line":143,"column":20},"end":{"line":143,"column":21}},"loc":{"start":{"line":143,"column":27},"end":{"line":145,"column":null}},"line":143},"9":{"name":"SelectSeparator","decl":{"start":{"line":153,"column":9},"end":{"line":153,"column":25}},"loc":{"start":{"line":156,"column":59},"end":{"line":158,"column":null}},"line":156},"10":{"name":"SelectScrollUpButton","decl":{"start":{"line":160,"column":9},"end":{"line":160,"column":30}},"loc":{"start":{"line":163,"column":60},"end":{"line":165,"column":null}},"line":163},"11":{"name":"SelectScrollDownButton","decl":{"start":{"line":167,"column":9},"end":{"line":167,"column":32}},"loc":{"start":{"line":170,"column":66},"end":{"line":172,"column":null}},"line":170}},"branchMap":{},"s":{"0":0,"1":0,"2":0,"3":0,"4":0,"5":0,"6":0,"7":0,"8":0,"9":0,"10":0,"11":0},"f":{"0":0,"1":0,"2":0,"3":0,"4":0,"5":0,"6":0,"7":0,"8":0,"9":0,"10":0,"11":0},"b":{},"meta":{"lastBranch":0,"lastFunction":12,"lastStatement":12,"seen":{"f:28:9:28:16":0,"s:29:2:29:Infinity":0,"f:32:9:32:21":1,"s:35:2:35:Infinity":1,"f:44:9:44:21":2,"s:45:2:45:Infinity":2,"f:54:9:54:23":3,"s:60:2:82:Infinity":3,"f:92:9:92:23":4,"s:98:2:113:Infinity":4,"f:117:9:117:21":5,"s:121:2:121:Infinity":5,"f:124:9:124:20":6,"s:129:2:149:Infinity":6,"f:140:20:140:21":7,"s:141:8:141:Infinity":7,"f:143:20:143:21":8,"s:144:8:144:Infinity":8,"f:153:9:153:25":9,"s:157:2:157:Infinity":9,"f:160:9:160:30":10,"s:164:2:164:Infinity":10,"f:167:9:167:32":11,"s:171:2:171:Infinity":11}}}
,"/Users/nybruker/Documents/Skole/h25/webdev/T26-Project-2/frontend/src/ui/pixelact/styles/dialog.css": {"path":"/Users/nybruker/Documents/Skole/h25/webdev/T26-Project-2/frontend/src/ui/pixelact/styles/dialog.css","statementMap":{},"fnMap":{},"branchMap":{},"s":{},"f":{},"b":{},"meta":{"lastBranch":0,"lastFunction":0,"lastStatement":0,"seen":{}}}
,"/Users/nybruker/Documents/Skole/h25/webdev/T26-Project-2/frontend/src/ui/pixelact/styles/styles.css": {"path":"/Users/nybruker/Documents/Skole/h25/webdev/T26-Project-2/frontend/src/ui/pixelact/styles/styles.css","statementMap":{},"fnMap":{},"branchMap":{},"s":{},"f":{},"b":{},"meta":{"lastBranch":0,"lastFunction":0,"lastStatement":0,"seen":{}}}
,"/Users/nybruker/Documents/Skole/h25/webdev/T26-Project-2/frontend/src/ui/primitives/avatar.tsx": {"path":"/Users/nybruker/Documents/Skole/h25/webdev/T26-Project-2/frontend/src/ui/primitives/avatar.tsx","statementMap":{"0":{"start":{"line":10,"column":2},"end":{"line":18,"column":null}},"1":{"start":{"line":26,"column":2},"end":{"line":31,"column":null}},"2":{"start":{"line":39,"column":2},"end":{"line":47,"column":null}}},"fnMap":{"0":{"name":"Avatar","decl":{"start":{"line":6,"column":9},"end":{"line":6,"column":16}},"loc":{"start":{"line":9,"column":54},"end":{"line":20,"column":null}},"line":9},"1":{"name":"AvatarImage","decl":{"start":{"line":22,"column":9},"end":{"line":22,"column":21}},"loc":{"start":{"line":25,"column":55},"end":{"line":33,"column":null}},"line":25},"2":{"name":"AvatarFallback","decl":{"start":{"line":35,"column":9},"end":{"line":35,"column":24}},"loc":{"start":{"line":38,"column":58},"end":{"line":49,"column":null}},"line":38}},"branchMap":{},"s":{"0":0,"1":0,"2":0},"f":{"0":0,"1":0,"2":0},"b":{},"meta":{"lastBranch":0,"lastFunction":3,"lastStatement":3,"seen":{"f:6:9:6:16":0,"s:10:2:18:Infinity":0,"f:22:9:22:21":1,"s:26:2:31:Infinity":1,"f:35:9:35:24":2,"s:39:2:47:Infinity":2}}}
,"/Users/nybruker/Documents/Skole/h25/webdev/T26-Project-2/frontend/src/ui/primitives/button-variants.ts": {"path":"/Users/nybruker/Documents/Skole/h25/webdev/T26-Project-2/frontend/src/ui/primitives/button-variants.ts","statementMap":{"0":{"start":{"line":3,"column":13},"end":{"line":31,"column":null}}},"fnMap":{},"branchMap":{},"s":{"0":2},"f":{},"b":{},"meta":{"lastBranch":0,"lastFunction":0,"lastStatement":1,"seen":{"s:3:13:31:Infinity":0}}}
,"/Users/nybruker/Documents/Skole/h25/webdev/T26-Project-2/frontend/src/ui/primitives/button.tsx": {"path":"/Users/nybruker/Documents/Skole/h25/webdev/T26-Project-2/frontend/src/ui/primitives/button.tsx","statementMap":{"0":{"start":{"line":18,"column":15},"end":{"line":18,"column":null}},"1":{"start":{"line":20,"column":2},"end":{"line":25,"column":null}}},"fnMap":{"0":{"name":"Button","decl":{"start":{"line":8,"column":9},"end":{"line":8,"column":16}},"loc":{"start":{"line":17,"column":5},"end":{"line":27,"column":null}},"line":17}},"branchMap":{"0":{"loc":{"start":{"line":12,"column":2},"end":{"line":12,"column":null}},"type":"default-arg","locations":[{"start":{"line":12,"column":12},"end":{"line":12,"column":null}}],"line":12},"1":{"loc":{"start":{"line":18,"column":15},"end":{"line":18,"column":null}},"type":"cond-expr","locations":[{"start":{"line":18,"column":25},"end":{"line":18,"column":32}},{"start":{"line":18,"column":32},"end":{"line":18,"column":null}}],"line":18}},"s":{"0":0,"1":0},"f":{"0":0},"b":{"0":[0],"1":[0,0]},"meta":{"lastBranch":2,"lastFunction":1,"lastStatement":2,"seen":{"f:8:9:8:16":0,"b:12:12:12:Infinity":0,"s:18:15:18:Infinity":0,"b:18:25:18:32:18:32:18:Infinity":1,"s:20:2:25:Infinity":1}}}
,"/Users/nybruker/Documents/Skole/h25/webdev/T26-Project-2/frontend/src/ui/primitives/card.tsx": {"path":"/Users/nybruker/Documents/Skole/h25/webdev/T26-Project-2/frontend/src/ui/primitives/card.tsx","statementMap":{"0":{"start":{"line":6,"column":2},"end":{"line":14,"column":null}},"1":{"start":{"line":19,"column":2},"end":{"line":27,"column":null}},"2":{"start":{"line":32,"column":2},"end":{"line":37,"column":null}},"3":{"start":{"line":42,"column":2},"end":{"line":47,"column":null}},"4":{"start":{"line":52,"column":2},"end":{"line":60,"column":null}},"5":{"start":{"line":65,"column":2},"end":{"line":70,"column":null}},"6":{"start":{"line":75,"column":2},"end":{"line":80,"column":null}}},"fnMap":{"0":{"name":"Card","decl":{"start":{"line":5,"column":9},"end":{"line":5,"column":14}},"loc":{"start":{"line":5,"column":66},"end":{"line":16,"column":null}},"line":5},"1":{"name":"CardHeader","decl":{"start":{"line":18,"column":9},"end":{"line":18,"column":20}},"loc":{"start":{"line":18,"column":72},"end":{"line":29,"column":null}},"line":18},"2":{"name":"CardTitle","decl":{"start":{"line":31,"column":9},"end":{"line":31,"column":19}},"loc":{"start":{"line":31,"column":71},"end":{"line":39,"column":null}},"line":31},"3":{"name":"CardDescription","decl":{"start":{"line":41,"column":9},"end":{"line":41,"column":25}},"loc":{"start":{"line":41,"column":77},"end":{"line":49,"column":null}},"line":41},"4":{"name":"CardAction","decl":{"start":{"line":51,"column":9},"end":{"line":51,"column":20}},"loc":{"start":{"line":51,"column":72},"end":{"line":62,"column":null}},"line":51},"5":{"name":"CardContent","decl":{"start":{"line":64,"column":9},"end":{"line":64,"column":21}},"loc":{"start":{"line":64,"column":73},"end":{"line":72,"column":null}},"line":64},"6":{"name":"CardFooter","decl":{"start":{"line":74,"column":9},"end":{"line":74,"column":20}},"loc":{"start":{"line":74,"column":72},"end":{"line":82,"column":null}},"line":74}},"branchMap":{},"s":{"0":0,"1":0,"2":0,"3":0,"4":0,"5":0,"6":0},"f":{"0":0,"1":0,"2":0,"3":0,"4":0,"5":0,"6":0},"b":{},"meta":{"lastBranch":0,"lastFunction":7,"lastStatement":7,"seen":{"f:5:9:5:14":0,"s:6:2:14:Infinity":0,"f:18:9:18:20":1,"s:19:2:27:Infinity":1,"f:31:9:31:19":2,"s:32:2:37:Infinity":2,"f:41:9:41:25":3,"s:42:2:47:Infinity":3,"f:51:9:51:20":4,"s:52:2:60:Infinity":4,"f:64:9:64:21":5,"s:65:2:70:Infinity":5,"f:74:9:74:20":6,"s:75:2:80:Infinity":6}}}
,"/Users/nybruker/Documents/Skole/h25/webdev/T26-Project-2/frontend/src/ui/primitives/index.ts": {"path":"/Users/nybruker/Documents/Skole/h25/webdev/T26-Project-2/frontend/src/ui/primitives/index.ts","statementMap":{},"fnMap":{},"branchMap":{},"s":{},"f":{},"b":{},"meta":{"lastBranch":0,"lastFunction":0,"lastStatement":0,"seen":{}}}
,"/Users/nybruker/Documents/Skole/h25/webdev/T26-Project-2/frontend/src/ui/primitives/label.tsx": {"path":"/Users/nybruker/Documents/Skole/h25/webdev/T26-Project-2/frontend/src/ui/primitives/label.tsx","statementMap":{"0":{"start":{"line":10,"column":2},"end":{"line":18,"column":null}}},"fnMap":{"0":{"name":"Label","decl":{"start":{"line":6,"column":9},"end":{"line":6,"column":15}},"loc":{"start":{"line":9,"column":53},"end":{"line":20,"column":null}},"line":9}},"branchMap":{},"s":{"0":0},"f":{"0":0},"b":{},"meta":{"lastBranch":0,"lastFunction":1,"lastStatement":1,"seen":{"f:6:9:6:15":0,"s:10:2:18:Infinity":0}}}
,"/Users/nybruker/Documents/Skole/h25/webdev/T26-Project-2/frontend/src/ui/primitives/menubar.tsx": {"path":"/Users/nybruker/Documents/Skole/h25/webdev/T26-Project-2/frontend/src/ui/primitives/menubar.tsx","statementMap":{"0":{"start":{"line":11,"column":2},"end":{"line":19,"column":null}},"1":{"start":{"line":26,"column":2},"end":{"line":26,"column":null}},"2":{"start":{"line":32,"column":2},"end":{"line":32,"column":null}},"3":{"start":{"line":38,"column":2},"end":{"line":38,"column":null}},"4":{"start":{"line":44,"column":2},"end":{"line":45,"column":null}},"5":{"start":{"line":53,"column":2},"end":{"line":61,"column":null}},"6":{"start":{"line":72,"column":2},"end":{"line":85,"column":null}},"7":{"start":{"line":98,"column":2},"end":{"line":108,"column":null}},"8":{"start":{"line":118,"column":2},"end":{"line":134,"column":null}},"9":{"start":{"line":143,"column":2},"end":{"line":158,"column":null}},"10":{"start":{"line":169,"column":2},"end":{"line":178,"column":null}},"11":{"start":{"line":186,"column":2},"end":{"line":191,"column":null}},"12":{"start":{"line":196,"column":2},"end":{"line":204,"column":null}},"13":{"start":{"line":211,"column":2},"end":{"line":211,"column":null}},"14":{"start":{"line":222,"column":2},"end":{"line":234,"column":null}},"15":{"start":{"line":242,"column":2},"end":{"line":250,"column":null}}},"fnMap":{"0":{"name":"Menubar","decl":{"start":{"line":7,"column":9},"end":{"line":7,"column":17}},"loc":{"start":{"line":10,"column":55},"end":{"line":21,"column":null}},"line":10},"1":{"name":"MenubarMenu","decl":{"start":{"line":23,"column":9},"end":{"line":23,"column":21}},"loc":{"start":{"line":25,"column":55},"end":{"line":27,"column":null}},"line":25},"2":{"name":"MenubarGroup","decl":{"start":{"line":29,"column":9},"end":{"line":29,"column":22}},"loc":{"start":{"line":31,"column":56},"end":{"line":33,"column":null}},"line":31},"3":{"name":"MenubarPortal","decl":{"start":{"line":35,"column":9},"end":{"line":35,"column":23}},"loc":{"start":{"line":37,"column":57},"end":{"line":39,"column":null}},"line":37},"4":{"name":"MenubarRadioGroup","decl":{"start":{"line":41,"column":9},"end":{"line":41,"column":27}},"loc":{"start":{"line":43,"column":61},"end":{"line":47,"column":null}},"line":43},"5":{"name":"MenubarTrigger","decl":{"start":{"line":49,"column":9},"end":{"line":49,"column":24}},"loc":{"start":{"line":52,"column":58},"end":{"line":63,"column":null}},"line":52},"6":{"name":"MenubarContent","decl":{"start":{"line":65,"column":9},"end":{"line":65,"column":24}},"loc":{"start":{"line":71,"column":58},"end":{"line":87,"column":null}},"line":71},"7":{"name":"MenubarItem","decl":{"start":{"line":89,"column":9},"end":{"line":89,"column":21}},"loc":{"start":{"line":97,"column":3},"end":{"line":110,"column":null}},"line":97},"8":{"name":"MenubarCheckboxItem","decl":{"start":{"line":112,"column":9},"end":{"line":112,"column":29}},"loc":{"start":{"line":117,"column":63},"end":{"line":136,"column":null}},"line":117},"9":{"name":"MenubarRadioItem","decl":{"start":{"line":138,"column":9},"end":{"line":138,"column":26}},"loc":{"start":{"line":142,"column":60},"end":{"line":160,"column":null}},"line":142},"10":{"name":"MenubarLabel","decl":{"start":{"line":162,"column":9},"end":{"line":162,"column":22}},"loc":{"start":{"line":168,"column":3},"end":{"line":180,"column":null}},"line":168},"11":{"name":"MenubarSeparator","decl":{"start":{"line":182,"column":9},"end":{"line":182,"column":26}},"loc":{"start":{"line":185,"column":60},"end":{"line":193,"column":null}},"line":185},"12":{"name":"MenubarShortcut","decl":{"start":{"line":195,"column":9},"end":{"line":195,"column":25}},"loc":{"start":{"line":195,"column":78},"end":{"line":206,"column":null}},"line":195},"13":{"name":"MenubarSub","decl":{"start":{"line":208,"column":9},"end":{"line":208,"column":20}},"loc":{"start":{"line":210,"column":54},"end":{"line":212,"column":null}},"line":210},"14":{"name":"MenubarSubTrigger","decl":{"start":{"line":214,"column":9},"end":{"line":214,"column":27}},"loc":{"start":{"line":221,"column":3},"end":{"line":236,"column":null}},"line":221},"15":{"name":"MenubarSubContent","decl":{"start":{"line":238,"column":9},"end":{"line":238,"column":27}},"loc":{"start":{"line":241,"column":61},"end":{"line":252,"column":null}},"line":241}},"branchMap":{"0":{"loc":{"start":{"line":67,"column":2},"end":{"line":67,"column":null}},"type":"default-arg","locations":[{"start":{"line":67,"column":10},"end":{"line":67,"column":null}}],"line":67},"1":{"loc":{"start":{"line":68,"column":2},"end":{"line":68,"column":null}},"type":"default-arg","locations":[{"start":{"line":68,"column":16},"end":{"line":68,"column":null}}],"line":68},"2":{"loc":{"start":{"line":69,"column":2},"end":{"line":69,"column":null}},"type":"default-arg","locations":[{"start":{"line":69,"column":15},"end":{"line":69,"column":null}}],"line":69},"3":{"loc":{"start":{"line":92,"column":2},"end":{"line":92,"column":null}},"type":"default-arg","locations":[{"start":{"line":92,"column":12},"end":{"line":92,"column":null}}],"line":92}},"s":{"0":0,"1":0,"2":0,"3":0,"4":0,"5":0,"6":0,"7":0,"8":0,"9":0,"10":0,"11":0,"12":0,"13":0,"14":0,"15":0},"f":{"0":0,"1":0,"2":0,"3":0,"4":0,"5":0,"6":0,"7":0,"8":0,"9":0,"10":0,"11":0,"12":0,"13":0,"14":0,"15":0},"b":{"0":[0],"1":[0],"2":[0],"3":[0]},"meta":{"lastBranch":4,"lastFunction":16,"lastStatement":16,"seen":{"f:7:9:7:17":0,"s:11:2:19:Infinity":0,"f:23:9:23:21":1,"s:26:2:26:Infinity":1,"f:29:9:29:22":2,"s:32:2:32:Infinity":2,"f:35:9:35:23":3,"s:38:2:38:Infinity":3,"f:41:9:41:27":4,"s:44:2:45:Infinity":4,"f:49:9:49:24":5,"s:53:2:61:Infinity":5,"f:65:9:65:24":6,"b:67:10:67:Infinity":0,"b:68:16:68:Infinity":1,"b:69:15:69:Infinity":2,"s:72:2:85:Infinity":6,"f:89:9:89:21":7,"b:92:12:92:Infinity":3,"s:98:2:108:Infinity":7,"f:112:9:112:29":8,"s:118:2:134:Infinity":8,"f:138:9:138:26":9,"s:143:2:158:Infinity":9,"f:162:9:162:22":10,"s:169:2:178:Infinity":10,"f:182:9:182:26":11,"s:186:2:191:Infinity":11,"f:195:9:195:25":12,"s:196:2:204:Infinity":12,"f:208:9:208:20":13,"s:211:2:211:Infinity":13,"f:214:9:214:27":14,"s:222:2:234:Infinity":14,"f:238:9:238:27":15,"s:242:2:250:Infinity":15}}}
,"/Users/nybruker/Documents/Skole/h25/webdev/T26-Project-2/frontend/src/ui/primitives/select.tsx": {"path":"/Users/nybruker/Documents/Skole/h25/webdev/T26-Project-2/frontend/src/ui/primitives/select.tsx","statementMap":{"0":{"start":{"line":8,"column":2},"end":{"line":8,"column":null}},"1":{"start":{"line":14,"column":2},"end":{"line":14,"column":null}},"2":{"start":{"line":20,"column":2},"end":{"line":20,"column":null}},"3":{"start":{"line":31,"column":2},"end":{"line":45,"column":null}},"4":{"start":{"line":55,"column":2},"end":{"line":80,"column":null}},"5":{"start":{"line":88,"column":2},"end":{"line":93,"column":null}},"6":{"start":{"line":102,"column":2},"end":{"line":117,"column":null}},"7":{"start":{"line":125,"column":2},"end":{"line":130,"column":null}},"8":{"start":{"line":138,"column":2},"end":{"line":148,"column":null}},"9":{"start":{"line":156,"column":2},"end":{"line":166,"column":null}}},"fnMap":{"0":{"name":"Select","decl":{"start":{"line":7,"column":9},"end":{"line":7,"column":16}},"loc":{"start":{"line":7,"column":79},"end":{"line":9,"column":null}},"line":7},"1":{"name":"SelectGroup","decl":{"start":{"line":11,"column":9},"end":{"line":11,"column":21}},"loc":{"start":{"line":13,"column":55},"end":{"line":15,"column":null}},"line":13},"2":{"name":"SelectValue","decl":{"start":{"line":17,"column":9},"end":{"line":17,"column":21}},"loc":{"start":{"line":19,"column":55},"end":{"line":21,"column":null}},"line":19},"3":{"name":"SelectTrigger","decl":{"start":{"line":23,"column":9},"end":{"line":23,"column":23}},"loc":{"start":{"line":30,"column":3},"end":{"line":47,"column":null}},"line":30},"4":{"name":"SelectContent","decl":{"start":{"line":49,"column":9},"end":{"line":49,"column":23}},"loc":{"start":{"line":54,"column":57},"end":{"line":82,"column":null}},"line":54},"5":{"name":"SelectLabel","decl":{"start":{"line":84,"column":9},"end":{"line":84,"column":21}},"loc":{"start":{"line":87,"column":55},"end":{"line":95,"column":null}},"line":87},"6":{"name":"SelectItem","decl":{"start":{"line":97,"column":9},"end":{"line":97,"column":20}},"loc":{"start":{"line":101,"column":54},"end":{"line":119,"column":null}},"line":101},"7":{"name":"SelectSeparator","decl":{"start":{"line":121,"column":9},"end":{"line":121,"column":25}},"loc":{"start":{"line":124,"column":59},"end":{"line":132,"column":null}},"line":124},"8":{"name":"SelectScrollUpButton","decl":{"start":{"line":134,"column":9},"end":{"line":134,"column":30}},"loc":{"start":{"line":137,"column":64},"end":{"line":150,"column":null}},"line":137},"9":{"name":"SelectScrollDownButton","decl":{"start":{"line":152,"column":9},"end":{"line":152,"column":32}},"loc":{"start":{"line":155,"column":66},"end":{"line":168,"column":null}},"line":155}},"branchMap":{"0":{"loc":{"start":{"line":25,"column":2},"end":{"line":25,"column":null}},"type":"default-arg","locations":[{"start":{"line":25,"column":9},"end":{"line":25,"column":null}}],"line":25},"1":{"loc":{"start":{"line":52,"column":2},"end":{"line":52,"column":null}},"type":"default-arg","locations":[{"start":{"line":52,"column":13},"end":{"line":52,"column":null}}],"line":52},"2":{"loc":{"start":{"line":61,"column":10},"end":{"line":62,"column":null}},"type":"binary-expr","locations":[{"start":{"line":61,"column":10},"end":{"line":61,"column":null}},{"start":{"line":62,"column":12},"end":{"line":62,"column":null}}],"line":61},"3":{"loc":{"start":{"line":72,"column":12},"end":{"line":73,"column":null}},"type":"binary-expr","locations":[{"start":{"line":72,"column":12},"end":{"line":72,"column":null}},{"start":{"line":73,"column":14},"end":{"line":73,"column":null}}],"line":72}},"s":{"0":0,"1":0,"2":0,"3":0,"4":0,"5":0,"6":0,"7":0,"8":0,"9":0},"f":{"0":0,"1":0,"2":0,"3":0,"4":0,"5":0,"6":0,"7":0,"8":0,"9":0},"b":{"0":[0],"1":[0],"2":[0,0],"3":[0,0]},"meta":{"lastBranch":4,"lastFunction":10,"lastStatement":10,"seen":{"f:7:9:7:16":0,"s:8:2:8:Infinity":0,"f:11:9:11:21":1,"s:14:2:14:Infinity":1,"f:17:9:17:21":2,"s:20:2:20:Infinity":2,"f:23:9:23:23":3,"b:25:9:25:Infinity":0,"s:31:2:45:Infinity":3,"f:49:9:49:23":4,"b:52:13:52:Infinity":1,"s:55:2:80:Infinity":4,"b:61:10:61:Infinity:62:12:62:Infinity":2,"b:72:12:72:Infinity:73:14:73:Infinity":3,"f:84:9:84:21":5,"s:88:2:93:Infinity":5,"f:97:9:97:20":6,"s:102:2:117:Infinity":6,"f:121:9:121:25":7,"s:125:2:130:Infinity":7,"f:134:9:134:30":8,"s:138:2:148:Infinity":8,"f:152:9:152:32":9,"s:156:2:166:Infinity":9}}}
}
